This file contains any messages produced by compilers while
running configure, to aid debugging if configure makes a mistake.

It was created by libpng configure 1.2.12, which was
generated by GNU Autoconf 2.59.  Invocation command line was

  $ ./configure --prefix=/tmp/mw_staging/png --enable-static --enable-shared=no

## --------- ##
## Platform. ##
## --------- ##

hostname = david-coxs-macbook-pro.local
uname -m = i386
uname -r = 9.6.0
uname -s = Darwin
uname -v = Darwin Kernel Version 9.6.0: Mon Nov 24 17:37:00 PST 2008; root:xnu-1228.9.59~1/RELEASE_I386

/usr/bin/uname -p = i386
/bin/uname -X     = unknown

/bin/arch              = unknown
/usr/bin/arch -k       = unknown
/usr/convex/getsysinfo = unknown
hostinfo               = Mach kernel version:
	 Darwin Kernel Version 9.6.0: Mon Nov 24 17:37:00 PST 2008; root:xnu-1228.9.59~1/RELEASE_I386
Kernel configured for up to 2 processors.
2 processors are physically available.
2 processors are logically available.
Processor type: i486 (Intel 80486)
Processors active: 0 1
Primary memory available: 4.00 gigabytes
Default processor set: 108 tasks, 513 threads, 2 processors
Load average: 1.29, Mach factor: 0.74
/bin/machine           = unknown
/usr/bin/oslevel       = unknown
/bin/universe          = unknown

PATH: /sw/bin
PATH: /sw/sbin
PATH: /usr/bin
PATH: /bin
PATH: /usr/sbin
PATH: /sbin
PATH: /usr/local/bin
PATH: /usr/X11R6/bin
PATH: /Users/davidcox/Scripts/
PATH: /Developer/Tools/
PATH: /usr/local/ec2/bin
PATH: /Applications/svm_light/
PATH: /opt/local/bin
PATH: /usr/X11/bin


## ----------- ##
## Core tests. ##
## ----------- ##

configure:1559: checking for a BSD-compatible install
configure:1614: result: /usr/bin/install -c
configure:1625: checking whether build environment is sane
configure:1668: result: yes
configure:1733: checking for gawk
configure:1749: found /opt/local/bin/gawk
configure:1759: result: gawk
configure:1769: checking whether make sets $(MAKE)
configure:1789: result: yes
configure:1957: checking whether to enable maintainer-specific portions of Makefiles
configure:1966: result: no
configure:2038: checking for gcc
configure:2054: found /usr/bin/gcc
configure:2064: result: gcc
configure:2308: checking for C compiler version
configure:2311: gcc --version </dev/null >&5
i686-apple-darwin9-gcc-4.0.1 (GCC) 4.0.1 (Apple Inc. build 5490)
Copyright (C) 2005 Free Software Foundation, Inc.
This is free software; see the source for copying conditions.  There is NO
warranty; not even for MERCHANTABILITY or FITNESS FOR A PARTICULAR PURPOSE.

configure:2314: $? = 0
configure:2316: gcc -v </dev/null >&5
Using built-in specs.
Target: i686-apple-darwin9
Configured with: /var/tmp/gcc/gcc-5490~1/src/configure --disable-checking -enable-werror --prefix=/usr --mandir=/share/man --enable-languages=c,objc,c++,obj-c++ --program-transform-name=/^[cg][^.-]*$/s/$/-4.0/ --with-gxx-include-dir=/include/c++/4.0.0 --with-slibdir=/usr/lib --build=i686-apple-darwin9 --with-arch=apple --with-tune=generic --host=i686-apple-darwin9 --target=i686-apple-darwin9
Thread model: posix
gcc version 4.0.1 (Apple Inc. build 5490)
configure:2319: $? = 0
configure:2321: gcc -V </dev/null >&5
gcc-4.0: argument to `-V' is missing
configure:2324: $? = 1
configure:2347: checking for C compiler default output file name
configure:2350: gcc -I/usr/include -I/sw/include  -L/usr/lib -L/sw/lib conftest.c  >&5
configure:2353: $? = 0
configure:2399: result: a.out
configure:2404: checking whether the C compiler works
configure:2410: ./a.out
configure:2413: $? = 0
configure:2430: result: yes
configure:2437: checking whether we are cross compiling
configure:2439: result: no
configure:2442: checking for suffix of executables
configure:2444: gcc -o conftest -I/usr/include -I/sw/include  -L/usr/lib -L/sw/lib conftest.c  >&5
configure:2447: $? = 0
configure:2472: result: 
configure:2478: checking for suffix of object files
configure:2499: gcc -c -I/usr/include -I/sw/include  conftest.c >&5
configure:2502: $? = 0
configure:2524: result: o
configure:2528: checking whether we are using the GNU C compiler
configure:2552: gcc -c -I/usr/include -I/sw/include  conftest.c >&5
configure:2558: $? = 0
configure:2562: test -z 
			 || test ! -s conftest.err
configure:2565: $? = 0
configure:2568: test -s conftest.o
configure:2571: $? = 0
configure:2584: result: yes
configure:2590: checking whether gcc accepts -g
configure:2611: gcc -c -g  conftest.c >&5
configure:2617: $? = 0
configure:2621: test -z 
			 || test ! -s conftest.err
configure:2624: $? = 0
configure:2627: test -s conftest.o
configure:2630: $? = 0
configure:2641: result: yes
configure:2658: checking for gcc option to accept ANSI C
configure:2728: gcc  -c -I/usr/include -I/sw/include  conftest.c >&5
configure:2734: $? = 0
configure:2738: test -z 
			 || test ! -s conftest.err
configure:2741: $? = 0
configure:2744: test -s conftest.o
configure:2747: $? = 0
configure:2765: result: none needed
configure:2783: gcc -c -I/usr/include -I/sw/include  conftest.c >&5
conftest.c:2: error: syntax error before 'me'
configure:2789: $? = 1
configure: failed program was:
| #ifndef __cplusplus
|   choke me
| #endif
configure:2933: checking for style of include used by make
configure:2961: result: GNU
configure:2989: checking dependency style of gcc
configure:3079: result: gcc3
configure:3096: checking for a sed that does not truncate output
configure:3150: result: /opt/local/bin/gsed
configure:3159: checking build system type
configure:3177: result: i386-apple-darwin9.6.0
configure:3185: checking host system type
configure:3199: result: i386-apple-darwin9.6.0
configure:3207: checking for egrep
configure:3217: result: grep -E
configure:3233: checking for ld used by gcc
configure:3300: result: /usr/libexec/gcc/i686-apple-darwin9/4.0.1/ld
configure:3309: checking if the linker (/usr/libexec/gcc/i686-apple-darwin9/4.0.1/ld) is GNU ld
configure:3324: result: no
configure:3334: checking how to run the C preprocessor
configure:3369: gcc -E  conftest.c
configure:3375: $? = 0
configure:3407: gcc -E  conftest.c
conftest.c:11:28: error: ac_nonexistent.h: No such file or directory
configure:3413: $? = 1
configure: failed program was:
| /* confdefs.h.  */
| 
| #define PACKAGE_NAME "libpng"
| #define PACKAGE_TARNAME "libpng"
| #define PACKAGE_VERSION "1.2.12"
| #define PACKAGE_STRING "libpng 1.2.12"
| #define PACKAGE_BUGREPORT "png-mng-implement@lists.sourceforge.net"
| #define PACKAGE "libpng"
| #define VERSION "1.2.12"
| /* end confdefs.h.  */
| #include <ac_nonexistent.h>
configure:3452: result: gcc -E
configure:3476: gcc -E  conftest.c
configure:3482: $? = 0
configure:3514: gcc -E  conftest.c
conftest.c:11:28: error: ac_nonexistent.h: No such file or directory
configure:3520: $? = 1
configure: failed program was:
| /* confdefs.h.  */
| 
| #define PACKAGE_NAME "libpng"
| #define PACKAGE_TARNAME "libpng"
| #define PACKAGE_VERSION "1.2.12"
| #define PACKAGE_STRING "libpng 1.2.12"
| #define PACKAGE_BUGREPORT "png-mng-implement@lists.sourceforge.net"
| #define PACKAGE "libpng"
| #define VERSION "1.2.12"
| /* end confdefs.h.  */
| #include <ac_nonexistent.h>
configure:3604: checking for sed
configure:3631: result: /opt/local/bin/gsed
configure:3656: checking for a BSD-compatible install
configure:3711: result: /usr/bin/install -c
configure:3722: checking whether ln -s works
configure:3726: result: yes
configure:3733: checking whether make sets $(MAKE)
configure:3753: result: yes
configure:3834: checking for /usr/libexec/gcc/i686-apple-darwin9/4.0.1/ld option to reload object files
configure:3841: result: -r
configure:3859: checking for BSD-compatible nm
configure:3908: result: /usr/bin/nm -p
configure:3912: checking how to recognise dependent libraries
configure:4088: result: pass_all
configure:4321: checking for ANSI C header files
configure:4346: gcc -c -I/usr/include -I/sw/include  conftest.c >&5
configure:4352: $? = 0
configure:4356: test -z 
			 || test ! -s conftest.err
configure:4359: $? = 0
configure:4362: test -s conftest.o
configure:4365: $? = 0
configure:4454: gcc -o conftest -I/usr/include -I/sw/include  -L/usr/lib -L/sw/lib conftest.c  >&5
conftest.c: In function 'main':
conftest.c:28: warning: incompatible implicit declaration of built-in function 'exit'
configure:4457: $? = 0
configure:4459: ./conftest
configure:4462: $? = 0
configure:4477: result: yes
configure:4501: checking for sys/types.h
configure:4517: gcc -c -I/usr/include -I/sw/include  conftest.c >&5
configure:4523: $? = 0
configure:4527: test -z 
			 || test ! -s conftest.err
configure:4530: $? = 0
configure:4533: test -s conftest.o
configure:4536: $? = 0
configure:4547: result: yes
configure:4501: checking for sys/stat.h
configure:4517: gcc -c -I/usr/include -I/sw/include  conftest.c >&5
configure:4523: $? = 0
configure:4527: test -z 
			 || test ! -s conftest.err
configure:4530: $? = 0
configure:4533: test -s conftest.o
configure:4536: $? = 0
configure:4547: result: yes
configure:4501: checking for stdlib.h
configure:4517: gcc -c -I/usr/include -I/sw/include  conftest.c >&5
configure:4523: $? = 0
configure:4527: test -z 
			 || test ! -s conftest.err
configure:4530: $? = 0
configure:4533: test -s conftest.o
configure:4536: $? = 0
configure:4547: result: yes
configure:4501: checking for string.h
configure:4517: gcc -c -I/usr/include -I/sw/include  conftest.c >&5
configure:4523: $? = 0
configure:4527: test -z 
			 || test ! -s conftest.err
configure:4530: $? = 0
configure:4533: test -s conftest.o
configure:4536: $? = 0
configure:4547: result: yes
configure:4501: checking for memory.h
configure:4517: gcc -c -I/usr/include -I/sw/include  conftest.c >&5
configure:4523: $? = 0
configure:4527: test -z 
			 || test ! -s conftest.err
configure:4530: $? = 0
configure:4533: test -s conftest.o
configure:4536: $? = 0
configure:4547: result: yes
configure:4501: checking for strings.h
configure:4517: gcc -c -I/usr/include -I/sw/include  conftest.c >&5
configure:4523: $? = 0
configure:4527: test -z 
			 || test ! -s conftest.err
configure:4530: $? = 0
configure:4533: test -s conftest.o
configure:4536: $? = 0
configure:4547: result: yes
configure:4501: checking for inttypes.h
configure:4517: gcc -c -I/usr/include -I/sw/include  conftest.c >&5
configure:4523: $? = 0
configure:4527: test -z 
			 || test ! -s conftest.err
configure:4530: $? = 0
configure:4533: test -s conftest.o
configure:4536: $? = 0
configure:4547: result: yes
configure:4501: checking for stdint.h
configure:4517: gcc -c -I/usr/include -I/sw/include  conftest.c >&5
configure:4523: $? = 0
configure:4527: test -z 
			 || test ! -s conftest.err
configure:4530: $? = 0
configure:4533: test -s conftest.o
configure:4536: $? = 0
configure:4547: result: yes
configure:4501: checking for unistd.h
configure:4517: gcc -c -I/usr/include -I/sw/include  conftest.c >&5
configure:4523: $? = 0
configure:4527: test -z 
			 || test ! -s conftest.err
configure:4530: $? = 0
configure:4533: test -s conftest.o
configure:4536: $? = 0
configure:4547: result: yes
configure:4573: checking dlfcn.h usability
configure:4585: gcc -c -I/usr/include -I/sw/include  conftest.c >&5
configure:4591: $? = 0
configure:4595: test -z 
			 || test ! -s conftest.err
configure:4598: $? = 0
configure:4601: test -s conftest.o
configure:4604: $? = 0
configure:4614: result: yes
configure:4618: checking dlfcn.h presence
configure:4628: gcc -E  conftest.c
configure:4634: $? = 0
configure:4654: result: yes
configure:4689: checking for dlfcn.h
configure:4696: result: yes
configure:4761: checking for g++
configure:4777: found /usr/bin/g++
configure:4787: result: g++
configure:4803: checking for C++ compiler version
configure:4806: g++ --version </dev/null >&5
i686-apple-darwin9-g++-4.0.1 (GCC) 4.0.1 (Apple Inc. build 5490)
Copyright (C) 2005 Free Software Foundation, Inc.
This is free software; see the source for copying conditions.  There is NO
warranty; not even for MERCHANTABILITY or FITNESS FOR A PARTICULAR PURPOSE.

configure:4809: $? = 0
configure:4811: g++ -v </dev/null >&5
Using built-in specs.
Target: i686-apple-darwin9
Configured with: /var/tmp/gcc/gcc-5490~1/src/configure --disable-checking -enable-werror --prefix=/usr --mandir=/share/man --enable-languages=c,objc,c++,obj-c++ --program-transform-name=/^[cg][^.-]*$/s/$/-4.0/ --with-gxx-include-dir=/include/c++/4.0.0 --with-slibdir=/usr/lib --build=i686-apple-darwin9 --with-arch=apple --with-tune=generic --host=i686-apple-darwin9 --target=i686-apple-darwin9
Thread model: posix
gcc version 4.0.1 (Apple Inc. build 5490)
configure:4814: $? = 0
configure:4816: g++ -V </dev/null >&5
g++-4.0: argument to `-V' is missing
configure:4819: $? = 1
configure:4822: checking whether we are using the GNU C++ compiler
configure:4846: g++ -c   conftest.cc >&5
configure:4852: $? = 0
configure:4856: test -z 
			 || test ! -s conftest.err
configure:4859: $? = 0
configure:4862: test -s conftest.o
configure:4865: $? = 0
configure:4878: result: yes
configure:4884: checking whether g++ accepts -g
configure:4905: g++ -c -g  conftest.cc >&5
configure:4911: $? = 0
configure:4915: test -z 
			 || test ! -s conftest.err
configure:4918: $? = 0
configure:4921: test -s conftest.o
configure:4924: $? = 0
configure:4935: result: yes
configure:4977: g++ -c -g -O2  conftest.cc >&5
configure:4983: $? = 0
configure:4987: test -z 
			 || test ! -s conftest.err
configure:4990: $? = 0
configure:4993: test -s conftest.o
configure:4996: $? = 0
configure:5022: g++ -c -g -O2  conftest.cc >&5
conftest.cc: In function 'int main()':
conftest.cc:26: error: 'exit' was not declared in this scope
configure:5028: $? = 1
configure: failed program was:
| /* confdefs.h.  */
| 
| #define PACKAGE_NAME "libpng"
| #define PACKAGE_TARNAME "libpng"
| #define PACKAGE_VERSION "1.2.12"
| #define PACKAGE_STRING "libpng 1.2.12"
| #define PACKAGE_BUGREPORT "png-mng-implement@lists.sourceforge.net"
| #define PACKAGE "libpng"
| #define VERSION "1.2.12"
| #define STDC_HEADERS 1
| #define HAVE_SYS_TYPES_H 1
| #define HAVE_SYS_STAT_H 1
| #define HAVE_STDLIB_H 1
| #define HAVE_STRING_H 1
| #define HAVE_MEMORY_H 1
| #define HAVE_STRINGS_H 1
| #define HAVE_INTTYPES_H 1
| #define HAVE_STDINT_H 1
| #define HAVE_UNISTD_H 1
| #define HAVE_DLFCN_H 1
| /* end confdefs.h.  */
| 
| int
| main ()
| {
| exit (42);
|   ;
|   return 0;
| }
configure:4977: g++ -c -g -O2  conftest.cc >&5
/usr/include/stdlib.h:159: error: declaration of 'void std::exit(int)' throws different exceptions
conftest.cc:22: error: than previous declaration 'void std::exit(int) throw ()'
configure:4983: $? = 1
configure: failed program was:
| /* confdefs.h.  */
| 
| #define PACKAGE_NAME "libpng"
| #define PACKAGE_TARNAME "libpng"
| #define PACKAGE_VERSION "1.2.12"
| #define PACKAGE_STRING "libpng 1.2.12"
| #define PACKAGE_BUGREPORT "png-mng-implement@lists.sourceforge.net"
| #define PACKAGE "libpng"
| #define VERSION "1.2.12"
| #define STDC_HEADERS 1
| #define HAVE_SYS_TYPES_H 1
| #define HAVE_SYS_STAT_H 1
| #define HAVE_STDLIB_H 1
| #define HAVE_STRING_H 1
| #define HAVE_MEMORY_H 1
| #define HAVE_STRINGS_H 1
| #define HAVE_INTTYPES_H 1
| #define HAVE_STDINT_H 1
| #define HAVE_UNISTD_H 1
| #define HAVE_DLFCN_H 1
| /* end confdefs.h.  */
| extern "C" void std::exit (int) throw (); using std::exit;
| #include <stdlib.h>
| int
| main ()
| {
| exit (42);
|   ;
|   return 0;
| }
configure:4977: g++ -c -g -O2  conftest.cc >&5
configure:4983: $? = 0
configure:4987: test -z 
			 || test ! -s conftest.err
configure:4990: $? = 0
configure:4993: test -s conftest.o
configure:4996: $? = 0
configure:5022: g++ -c -g -O2  conftest.cc >&5
configure:5028: $? = 0
configure:5032: test -z 
			 || test ! -s conftest.err
configure:5035: $? = 0
configure:5038: test -s conftest.o
configure:5041: $? = 0
configure:5066: checking dependency style of g++
configure:5156: result: gcc3
configure:5183: checking how to run the C++ preprocessor
configure:5214: g++ -E  conftest.cc
configure:5220: $? = 0
configure:5252: g++ -E  conftest.cc
conftest.cc:25:28: error: ac_nonexistent.h: No such file or directory
configure:5258: $? = 1
configure: failed program was:
| /* confdefs.h.  */
| 
| #define PACKAGE_NAME "libpng"
| #define PACKAGE_TARNAME "libpng"
| #define PACKAGE_VERSION "1.2.12"
| #define PACKAGE_STRING "libpng 1.2.12"
| #define PACKAGE_BUGREPORT "png-mng-implement@lists.sourceforge.net"
| #define PACKAGE "libpng"
| #define VERSION "1.2.12"
| #define STDC_HEADERS 1
| #define HAVE_SYS_TYPES_H 1
| #define HAVE_SYS_STAT_H 1
| #define HAVE_STDLIB_H 1
| #define HAVE_STRING_H 1
| #define HAVE_MEMORY_H 1
| #define HAVE_STRINGS_H 1
| #define HAVE_INTTYPES_H 1
| #define HAVE_STDINT_H 1
| #define HAVE_UNISTD_H 1
| #define HAVE_DLFCN_H 1
| #ifdef __cplusplus
| extern "C" void std::exit (int); using std::exit;
| #endif
| /* end confdefs.h.  */
| #include <ac_nonexistent.h>
configure:5297: result: g++ -E
configure:5321: g++ -E  conftest.cc
configure:5327: $? = 0
configure:5359: g++ -E  conftest.cc
conftest.cc:25:28: error: ac_nonexistent.h: No such file or directory
configure:5365: $? = 1
configure: failed program was:
| /* confdefs.h.  */
| 
| #define PACKAGE_NAME "libpng"
| #define PACKAGE_TARNAME "libpng"
| #define PACKAGE_VERSION "1.2.12"
| #define PACKAGE_STRING "libpng 1.2.12"
| #define PACKAGE_BUGREPORT "png-mng-implement@lists.sourceforge.net"
| #define PACKAGE "libpng"
| #define VERSION "1.2.12"
| #define STDC_HEADERS 1
| #define HAVE_SYS_TYPES_H 1
| #define HAVE_SYS_STAT_H 1
| #define HAVE_STDLIB_H 1
| #define HAVE_STRING_H 1
| #define HAVE_MEMORY_H 1
| #define HAVE_STRINGS_H 1
| #define HAVE_INTTYPES_H 1
| #define HAVE_STDINT_H 1
| #define HAVE_UNISTD_H 1
| #define HAVE_DLFCN_H 1
| #ifdef __cplusplus
| extern "C" void std::exit (int); using std::exit;
| #endif
| /* end confdefs.h.  */
| #include <ac_nonexistent.h>
configure:5462: checking for g77
configure:5491: result: no
configure:5462: checking for f77
configure:5491: result: no
configure:5462: checking for xlf
configure:5491: result: no
configure:5462: checking for frt
configure:5491: result: no
configure:5462: checking for pgf77
configure:5491: result: no
configure:5462: checking for fort77
configure:5491: result: no
configure:5462: checking for fl32
configure:5491: result: no
configure:5462: checking for af77
configure:5491: result: no
configure:5462: checking for f90
configure:5491: result: no
configure:5462: checking for xlf90
configure:5491: result: no
configure:5462: checking for pgf90
configure:5491: result: no
configure:5462: checking for epcf90
configure:5491: result: no
configure:5462: checking for f95
configure:5491: result: no
configure:5462: checking for fort
configure:5491: result: no
configure:5462: checking for xlf95
configure:5491: result: no
configure:5462: checking for ifc
configure:5491: result: no
configure:5462: checking for efc
configure:5491: result: no
configure:5462: checking for pgf95
configure:5491: result: no
configure:5462: checking for lf95
configure:5491: result: no
configure:5462: checking for gfortran
configure:5478: found /usr/local/bin/gfortran
configure:5488: result: gfortran
configure:5503: checking for Fortran 77 compiler version
configure:5506: gfortran --version </dev/null >&5
GNU Fortran (GCC) 4.2.1
Copyright (C) 2007 Free Software Foundation, Inc.

GNU Fortran comes with NO WARRANTY, to the extent permitted by law.
You may redistribute copies of GNU Fortran
under the terms of the GNU General Public License.
For more information about these matters, see the file named COPYING

configure:5509: $? = 0
configure:5511: gfortran -v </dev/null >&5
Using built-in specs.
Target: i686-apple-darwin8
Configured with: /Builds/unix/gcc/gcc-4.2/configure --prefix=/usr/local --mandir=/share/man --program-transform-name=/^[cg][^.-]*$/s/$/-4.2/ --build=i686-apple-darwin8 --host=i686-apple-darwin8 --target=i686-apple-darwin8 --enable-languages=fortran
Thread model: posix
gcc version 4.2.1
configure:5514: $? = 0
configure:5516: gfortran -V </dev/null >&5
gfortran: argument to `-V' is missing
configure:5519: $? = 1
configure:5527: checking whether we are using the GNU Fortran 77 compiler
configure:5541: gfortran -c  conftest.F >&5
configure:5547: $? = 0
configure:5551: test -z 
			 || test ! -s conftest.err
configure:5554: $? = 0
configure:5557: test -s conftest.o
configure:5560: $? = 0
configure:5573: result: yes
configure:5579: checking whether gfortran accepts -g
configure:5591: gfortran -c -g conftest.f >&5
configure:5597: $? = 0
configure:5601: test -z 
			 || test ! -s conftest.err
configure:5604: $? = 0
configure:5607: test -s conftest.o
configure:5610: $? = 0
configure:5622: result: yes
configure:5652: checking the maximum length of command line arguments
configure:5761: result: 196608
configure:5772: checking command to parse /usr/bin/nm -p output from gcc object
configure:5877: gcc -c -I/usr/include -I/sw/include  conftest.c >&5
configure:5880: $? = 0
configure:5884: /usr/bin/nm -p conftest.o \| sed -n -e 's/^.*[ 	]\([BCDEGRST][BCDEGRST]*\)[ 	][ 	]*\([_A-Za-z][_A-Za-z0-9]*\)$/\1 \2 \2/p' \> conftest.nm
configure:5887: $? = 0
cannot find nm_test_var in conftest.nm
configure:5877: gcc -c -I/usr/include -I/sw/include  conftest.c >&5
configure:5880: $? = 0
configure:5884: /usr/bin/nm -p conftest.o \| sed -n -e 's/^.*[ 	]\([BCDEGRST][BCDEGRST]*\)[ 	][ 	]*_\([_A-Za-z][_A-Za-z0-9]*\)$/\1 _\2 \2/p' \> conftest.nm
configure:5887: $? = 0
configure:5939: gcc -o conftest -I/usr/include -I/sw/include  -L/usr/lib -L/sw/lib conftest.c conftstm.o >&5
configure:5942: $? = 0
configure:5980: result: ok
configure:5984: checking for objdir
configure:5999: result: .libs
configure:6089: checking for ar
configure:6105: found /usr/bin/ar
configure:6116: result: ar
configure:6169: checking for ranlib
configure:6185: found /usr/bin/ranlib
configure:6196: result: ranlib
configure:6249: checking for strip
configure:6265: found /usr/bin/strip
configure:6276: result: strip
configure:6548: checking if gcc supports -fno-rtti -fno-exceptions
configure:6566: gcc -c -I/usr/include -I/sw/include  -fno-rtti -fno-exceptions conftest.c >&5
cc1: warning: command line option "-fno-rtti" is valid for C++/ObjC++ but not for C
configure:6570: $? = 0
configure:6583: result: no
configure:6598: checking for gcc option to produce PIC
configure:6808: result: -fno-common
configure:6816: checking if gcc PIC flag -fno-common works
configure:6834: gcc -c -I/usr/include -I/sw/include  -fno-common -DPIC conftest.c >&5
configure:6838: $? = 0
configure:6851: result: yes
configure:6879: checking if gcc static flag -static works
configure:6907: result: no
configure:6917: checking if gcc supports -c -o file.o
configure:6938: gcc -c -I/usr/include -I/sw/include  -o out/conftest2.o conftest.c >&5
configure:6942: $? = 0
configure:6964: result: yes
configure:6990: checking whether the gcc linker (/usr/libexec/gcc/i686-apple-darwin9/4.0.1/ld) supports shared libraries
configure:7948: result: yes
configure:8015: checking dynamic linker characteristics
configure:8603: result: darwin9.6.0 dyld
configure:8612: checking how to hardcode library paths into programs
configure:8637: result: immediate
configure:8651: checking whether stripping libraries is possible
configure:8664: result: yes
configure:9490: checking if libtool supports shared libraries
configure:9492: result: yes
configure:9495: checking whether to build shared libraries
configure:9516: result: no
configure:9519: checking whether to build static libraries
configure:9523: result: yes
configure:9615: creating libtool
configure:10203: checking for ld used by g++
configure:10270: result: /usr/libexec/gcc/i686-apple-darwin9/4.0.1/ld
configure:10279: checking if the linker (/usr/libexec/gcc/i686-apple-darwin9/4.0.1/ld) is GNU ld
configure:10294: result: no
configure:10345: checking whether the g++ linker (/usr/libexec/gcc/i686-apple-darwin9/4.0.1/ld) supports shared libraries
configure:11283: result: yes
configure:11301: g++ -c -g -O2  conftest.cpp >&5
configure:11304: $? = 0
configure:11423: checking for g++ option to produce PIC
configure:11697: result: -fno-common
configure:11705: checking if g++ PIC flag -fno-common works
configure:11723: g++ -c -g -O2  -fno-common -DPIC conftest.cpp >&5
configure:11727: $? = 0
configure:11740: result: yes
configure:11768: checking if g++ static flag -static works
configure:11796: result: no
configure:11806: checking if g++ supports -c -o file.o
configure:11827: g++ -c -g -O2  -o out/conftest2.o conftest.cpp >&5
configure:11831: $? = 0
configure:11853: result: yes
configure:11879: checking whether the g++ linker (/usr/libexec/gcc/i686-apple-darwin9/4.0.1/ld) supports shared libraries
configure:11904: result: yes
configure:11971: checking dynamic linker characteristics
configure:12559: result: darwin9.6.0 dyld
configure:12568: checking how to hardcode library paths into programs
configure:12593: result: immediate
configure:13119: checking if libtool supports shared libraries
configure:13121: result: yes
configure:13124: checking whether to build shared libraries
configure:13144: result: no
configure:13147: checking whether to build static libraries
configure:13151: result: yes
configure:13161: checking for gfortran option to produce PIC
configure:13371: result: -fno-common
configure:13379: checking if gfortran PIC flag -fno-common works
configure:13397: gfortran -c -g -O2 -fno-common conftest.f >&5
configure:13401: $? = 0
configure:13414: result: yes
configure:13442: checking if gfortran static flag -static works
configure:13470: result: no
configure:13480: checking if gfortran supports -c -o file.o
configure:13501: gfortran -c -g -O2 -o out/conftest2.o conftest.f >&5
configure:13505: $? = 0
configure:13527: result: yes
configure:13553: checking whether the gfortran linker (/usr/libexec/gcc/i686-apple-darwin9/4.0.1/ld) supports shared libraries
configure:14491: result: yes
configure:14558: checking dynamic linker characteristics
configure:15146: result: darwin9.6.0 dyld
configure:15155: checking how to hardcode library paths into programs
configure:15180: result: immediate
configure:18745: checking for ANSI C header files
configure:18901: result: yes
configure:18928: checking malloc.h usability
configure:18940: gcc -c -I/usr/include -I/sw/include  conftest.c >&5
conftest.c:60:20: error: malloc.h: No such file or directory
configure:18946: $? = 1
configure: failed program was:
| /* confdefs.h.  */
| 
| #define PACKAGE_NAME "libpng"
| #define PACKAGE_TARNAME "libpng"
| #define PACKAGE_VERSION "1.2.12"
| #define PACKAGE_STRING "libpng 1.2.12"
| #define PACKAGE_BUGREPORT "png-mng-implement@lists.sourceforge.net"
| #define PACKAGE "libpng"
| #define VERSION "1.2.12"
| #define STDC_HEADERS 1
| #define HAVE_SYS_TYPES_H 1
| #define HAVE_SYS_STAT_H 1
| #define HAVE_STDLIB_H 1
| #define HAVE_STRING_H 1
| #define HAVE_MEMORY_H 1
| #define HAVE_STRINGS_H 1
| #define HAVE_INTTYPES_H 1
| #define HAVE_STDINT_H 1
| #define HAVE_UNISTD_H 1
| #define HAVE_DLFCN_H 1
| #ifdef __cplusplus
| extern "C" void std::exit (int); using std::exit;
| #endif
| #define STDC_HEADERS 1
| /* end confdefs.h.  */
| #include <stdio.h>
| #if HAVE_SYS_TYPES_H
| # include <sys/types.h>
| #endif
| #if HAVE_SYS_STAT_H
| # include <sys/stat.h>
| #endif
| #if STDC_HEADERS
| # include <stdlib.h>
| # include <stddef.h>
| #else
| # if HAVE_STDLIB_H
| #  include <stdlib.h>
| # endif
| #endif
| #if HAVE_STRING_H
| # if !STDC_HEADERS && HAVE_MEMORY_H
| #  include <memory.h>
| # endif
| # include <string.h>
| #endif
| #if HAVE_STRINGS_H
| # include <strings.h>
| #endif
| #if HAVE_INTTYPES_H
| # include <inttypes.h>
| #else
| # if HAVE_STDINT_H
| #  include <stdint.h>
| # endif
| #endif
| #if HAVE_UNISTD_H
| # include <unistd.h>
| #endif
| #include <malloc.h>
configure:18969: result: no
configure:18973: checking malloc.h presence
configure:18983: gcc -E  conftest.c
conftest.c:26:20: error: malloc.h: No such file or directory
configure:18989: $? = 1
configure: failed program was:
| /* confdefs.h.  */
| 
| #define PACKAGE_NAME "libpng"
| #define PACKAGE_TARNAME "libpng"
| #define PACKAGE_VERSION "1.2.12"
| #define PACKAGE_STRING "libpng 1.2.12"
| #define PACKAGE_BUGREPORT "png-mng-implement@lists.sourceforge.net"
| #define PACKAGE "libpng"
| #define VERSION "1.2.12"
| #define STDC_HEADERS 1
| #define HAVE_SYS_TYPES_H 1
| #define HAVE_SYS_STAT_H 1
| #define HAVE_STDLIB_H 1
| #define HAVE_STRING_H 1
| #define HAVE_MEMORY_H 1
| #define HAVE_STRINGS_H 1
| #define HAVE_INTTYPES_H 1
| #define HAVE_STDINT_H 1
| #define HAVE_UNISTD_H 1
| #define HAVE_DLFCN_H 1
| #ifdef __cplusplus
| extern "C" void std::exit (int); using std::exit;
| #endif
| #define STDC_HEADERS 1
| /* end confdefs.h.  */
| #include <malloc.h>
configure:19009: result: no
configure:19044: checking for malloc.h
configure:19051: result: no
configure:18919: checking for stdlib.h
configure:18924: result: yes
configure:18919: checking for string.h
configure:18924: result: yes
configure:18919: checking for strings.h
configure:18924: result: yes
configure:19066: checking for an ANSI C-conforming const
configure:19133: gcc -c -I/usr/include -I/sw/include  conftest.c >&5
configure:19139: $? = 0
configure:19143: test -z 
			 || test ! -s conftest.err
configure:19146: $? = 0
configure:19149: test -s conftest.o
configure:19152: $? = 0
configure:19163: result: yes
configure:19173: checking for size_t
configure:19197: gcc -c -I/usr/include -I/sw/include  conftest.c >&5
configure:19203: $? = 0
configure:19207: test -z 
			 || test ! -s conftest.err
configure:19210: $? = 0
configure:19213: test -s conftest.o
configure:19216: $? = 0
configure:19227: result: yes
configure:19239: checking whether struct tm is in sys/time.h or time.h
configure:19262: gcc -c -I/usr/include -I/sw/include  conftest.c >&5
configure:19268: $? = 0
configure:19272: test -z 
			 || test ! -s conftest.err
configure:19275: $? = 0
configure:19278: test -s conftest.o
configure:19281: $? = 0
configure:19292: result: time.h
configure:19309: checking for stdlib.h
configure:19314: result: yes
configure:19454: checking for GNU libc compatible malloc
configure:19483: gcc -o conftest -I/usr/include -I/sw/include  -L/usr/lib -L/sw/lib conftest.c  >&5
configure:19486: $? = 0
configure:19488: ./conftest
configure:19491: $? = 0
configure:19505: result: yes
configure:19535: checking for working strtod
configure:19578: gcc -o conftest -I/usr/include -I/sw/include  -L/usr/lib -L/sw/lib conftest.c  >&5
conftest.c: In function 'main':
conftest.c:43: warning: incompatible implicit declaration of built-in function 'exit'
conftest.c:53: warning: incompatible implicit declaration of built-in function 'exit'
conftest.c:55: warning: incompatible implicit declaration of built-in function 'exit'
configure:19581: $? = 0
configure:19583: ./conftest
configure:19586: $? = 0
configure:19600: result: yes
configure:19782: checking for memset
configure:19839: gcc -o conftest -I/usr/include -I/sw/include  -L/usr/lib -L/sw/lib conftest.c  >&5
conftest.c:55: warning: conflicting types for built-in function 'memset'
configure:19845: $? = 0
configure:19849: test -z 
			 || test ! -s conftest.err
configure:19852: $? = 0
configure:19855: test -s conftest
configure:19858: $? = 0
configure:19870: result: yes
configure:19888: checking for pow
configure:19945: gcc -o conftest -I/usr/include -I/sw/include  -L/usr/lib -L/sw/lib conftest.c  >&5
conftest.c:56: warning: conflicting types for built-in function 'pow'
configure:19951: $? = 0
configure:19955: test -z 
			 || test ! -s conftest.err
configure:19958: $? = 0
configure:19961: test -s conftest
configure:19964: $? = 0
configure:19976: result: yes
configure:20066: checking for zlibVersion in -lz
configure:20096: gcc -o conftest -I/usr/include -I/sw/include  -L/usr/lib -L/sw/lib conftest.c -lz   >&5
configure:20102: $? = 0
configure:20106: test -z 
			 || test ! -s conftest.err
configure:20109: $? = 0
configure:20112: test -s conftest
configure:20115: $? = 0
configure:20128: result: yes
configure:20144: checking if assembler code in pnggccrd.c can be compiled
configure:20162: gcc -c -I/usr/include -I/sw/include  conftest.c >&5
configure:20168: $? = 0
configure:20172: test -z 
			 || test ! -s conftest.err
configure:20175: $? = 0
configure:20178: test -s conftest.o
configure:20181: $? = 0
configure:20195: result: yes
configure:20201: checking if libraries can be versioned
configure:20210: result: no
configure:20212: WARNING: *** You have not enabled versioned symbols.
configure:20243: pkgconfig directory is ${libdir}/pkgconfig
configure:20417: creating ./config.status

## ---------------------- ##
## Running config.status. ##
## ---------------------- ##

This file was extended by libpng config.status 1.2.12, which was
generated by GNU Autoconf 2.59.  Invocation command line was

  CONFIG_FILES    = 
  CONFIG_HEADERS  = 
  CONFIG_LINKS    = 
  CONFIG_COMMANDS = 
  $ ./config.status 

on david-coxs-macbook-pro.local

config.status:731: creating Makefile
config.status:731: creating libpng.pc
config.status:731: creating libpng-config
config.status:839: creating config.h
config.status:1145: executing depfiles commands

## ---------------- ##
## Cache variables. ##
## ---------------- ##

ac_cv_build=i386-apple-darwin9.6.0
ac_cv_build_alias=i386-apple-darwin9.6.0
ac_cv_c_compiler_gnu=yes
ac_cv_c_const=yes
ac_cv_cxx_compiler_gnu=yes
ac_cv_env_CC_set=
ac_cv_env_CC_value=
ac_cv_env_CFLAGS_set=set
ac_cv_env_CFLAGS_value='-I/usr/include -I/sw/include'
ac_cv_env_CPPFLAGS_set=
ac_cv_env_CPPFLAGS_value=
ac_cv_env_CPP_set=
ac_cv_env_CPP_value=
ac_cv_env_CXXCPP_set=
ac_cv_env_CXXCPP_value=
ac_cv_env_CXXFLAGS_set=
ac_cv_env_CXXFLAGS_value=
ac_cv_env_CXX_set=
ac_cv_env_CXX_value=
ac_cv_env_F77_set=
ac_cv_env_F77_value=
ac_cv_env_FFLAGS_set=
ac_cv_env_FFLAGS_value=
ac_cv_env_LDFLAGS_set=set
ac_cv_env_LDFLAGS_value='-L/usr/lib -L/sw/lib'
ac_cv_env_build_alias_set=
ac_cv_env_build_alias_value=
ac_cv_env_host_alias_set=
ac_cv_env_host_alias_value=
ac_cv_env_target_alias_set=
ac_cv_env_target_alias_value=
ac_cv_exeext=
ac_cv_f77_compiler_gnu=yes
ac_cv_func_malloc_0_nonnull=yes
ac_cv_func_memset=yes
ac_cv_func_pow=yes
ac_cv_func_strtod=yes
ac_cv_header_dlfcn_h=yes
ac_cv_header_inttypes_h=yes
ac_cv_header_malloc_h=no
ac_cv_header_memory_h=yes
ac_cv_header_stdc=yes
ac_cv_header_stdint_h=yes
ac_cv_header_stdlib_h=yes
ac_cv_header_string_h=yes
ac_cv_header_strings_h=yes
ac_cv_header_sys_stat_h=yes
ac_cv_header_sys_types_h=yes
ac_cv_header_unistd_h=yes
ac_cv_host=i386-apple-darwin9.6.0
ac_cv_host_alias=i386-apple-darwin9.6.0
ac_cv_lib_z_zlibVersion=yes
ac_cv_objext=o
ac_cv_path_install='/usr/bin/install -c'
ac_cv_prog_AWK=gawk
ac_cv_prog_CPP='gcc -E'
ac_cv_prog_CXXCPP='g++ -E'
ac_cv_prog_ac_ct_AR=ar
ac_cv_prog_ac_ct_CC=gcc
ac_cv_prog_ac_ct_CXX=g++
ac_cv_prog_ac_ct_F77=gfortran
ac_cv_prog_ac_ct_RANLIB=ranlib
ac_cv_prog_ac_ct_SED=/opt/local/bin/gsed
ac_cv_prog_ac_ct_STRIP=strip
ac_cv_prog_cc_g=yes
ac_cv_prog_cc_stdc=
ac_cv_prog_cxx_g=yes
ac_cv_prog_egrep='grep -E'
ac_cv_prog_f77_g=yes
ac_cv_prog_make_make_set=yes
ac_cv_struct_tm=time.h
ac_cv_type_size_t=yes
am_cv_CC_dependencies_compiler_type=gcc3
am_cv_CXX_dependencies_compiler_type=gcc3
lt_cv_deplibs_check_method=pass_all
lt_cv_file_magic_cmd='$MAGIC_CMD'
lt_cv_file_magic_test_file=
lt_cv_ld_reload_flag=-r
lt_cv_objdir=.libs
lt_cv_path_LD=/usr/libexec/gcc/i686-apple-darwin9/4.0.1/ld
lt_cv_path_LDCXX=/usr/libexec/gcc/i686-apple-darwin9/4.0.1/ld
lt_cv_path_NM='/usr/bin/nm -p'
lt_cv_path_SED=/opt/local/bin/gsed
lt_cv_prog_compiler_c_o=yes
lt_cv_prog_compiler_c_o_CXX=yes
lt_cv_prog_compiler_c_o_F77=yes
lt_cv_prog_compiler_rtti_exceptions=no
lt_cv_prog_gnu_ld=no
lt_cv_prog_gnu_ldcxx=no
lt_cv_sys_global_symbol_pipe='sed -n -e '\''s/^.*[ 	]\([BCDEGRST][BCDEGRST]*\)[ 	][ 	]*_\([_A-Za-z][_A-Za-z0-9]*\)$/\1 _\2 \2/p'\'''
lt_cv_sys_global_symbol_to_c_name_address='sed -n -e '\''s/^: \([^ ]*\) $/  {\"\1\", (lt_ptr) 0},/p'\'' -e '\''s/^[BCDEGRST] \([^ ]*\) \([^ ]*\)$/  {"\2", (lt_ptr) \&\2},/p'\'''
lt_cv_sys_global_symbol_to_cdecl='sed -n -e '\''s/^. .* \(.*\)$/extern int \1;/p'\'''
lt_cv_sys_max_cmd_len=196608
lt_lt_cv_prog_compiler_c_o='"yes"'
lt_lt_cv_prog_compiler_c_o_CXX='"yes"'
lt_lt_cv_prog_compiler_c_o_F77='"yes"'
lt_lt_cv_sys_global_symbol_pipe='"sed -n -e '\''s/^.*[ 	]\\([BCDEGRST][BCDEGRST]*\\)[ 	][ 	]*_\\([_A-Za-z][_A-Za-z0-9]*\\)\$/\\1 _\\2 \\2/p'\''"'
lt_lt_cv_sys_global_symbol_to_c_name_address='"sed -n -e '\''s/^: \\([^ ]*\\) \$/  {\\\"\\1\\\", (lt_ptr) 0},/p'\'' -e '\''s/^[BCDEGRST] \\([^ ]*\\) \\([^ ]*\\)\$/  {\"\\2\", (lt_ptr) \\&\\2},/p'\''"'
lt_lt_cv_sys_global_symbol_to_cdecl='"sed -n -e '\''s/^. .* \\(.*\\)\$/extern int \\1;/p'\''"'

## ----------------- ##
## Output variables. ##
## ----------------- ##

ACLOCAL='${SHELL} /Users/davidcox/Repositories/monkeyworks/mw_supporting/image_libs/libpng-1.2.12/missing --run aclocal-1.9'
AMDEPBACKSLASH='\'
AMDEP_FALSE='#'
AMDEP_TRUE=''
AMTAR='${SHELL} /Users/davidcox/Repositories/monkeyworks/mw_supporting/image_libs/libpng-1.2.12/missing --run tar'
AR='ar'
AUTOCONF='${SHELL} /Users/davidcox/Repositories/monkeyworks/mw_supporting/image_libs/libpng-1.2.12/missing --run autoconf'
AUTOHEADER='${SHELL} /Users/davidcox/Repositories/monkeyworks/mw_supporting/image_libs/libpng-1.2.12/missing --run autoheader'
AUTOMAKE='${SHELL} /Users/davidcox/Repositories/monkeyworks/mw_supporting/image_libs/libpng-1.2.12/missing --run automake-1.9'
AWK='gawk'
CC='gcc'
CCDEPMODE='depmode=gcc3'
CFLAGS='-I/usr/include -I/sw/include'
CPP='gcc -E'
CPPFLAGS=''
CXX='g++'
CXXCPP='g++ -E'
CXXDEPMODE='depmode=gcc3'
CXXFLAGS='-g -O2'
CYGPATH_W='echo'
DEFS='-DHAVE_CONFIG_H'
DEPDIR='.deps'
ECHO='/bin/echo'
ECHO_C='ECHO_N=''
ECHO_T=''
EGREP='grep -E'
EXEEXT=''
F77='gfortran'
FFLAGS='-g -O2'
HAVE_LD_VERSION_SCRIPT_FALSE=''
HAVE_LD_VERSION_SCRIPT_TRUE='#'
INSTALL_DATA='${INSTALL} -m 644'
INSTALL_PROGRAM='${INSTALL}'
INSTALL_SCRIPT='${INSTALL}'
INSTALL_STRIP_PROGRAM='${SHELL} $(install_sh) -c -s'
LDFLAGS='-L/usr/lib -L/sw/lib'
LIBOBJS=''
LIBPNG_DEFINES='-DPNG_CONFIGURE_LIBPNG'
LIBS='-lz '
LIBTOOL='$(SHELL) $(top_builddir)/libtool'
LN_S='ln -s'
LTLIBOBJS=''
MAINT='#'
MAINTAINER_MODE_FALSE=''
MAINTAINER_MODE_TRUE='#'
MAKEINFO='${SHELL} /Users/davidcox/Repositories/monkeyworks/mw_supporting/image_libs/libpng-1.2.12/missing --run makeinfo'
OBJEXT='o'
PACKAGE='libpng'
PACKAGE_BUGREPORT='png-mng-implement@lists.sourceforge.net'
PACKAGE_NAME='libpng'
PACKAGE_STRING='libpng 1.2.12'
PACKAGE_TARNAME='libpng'
PACKAGE_VERSION='1.2.12'
PATH_SEPARATOR=':'
PNGLIB_MAJOR='12'
PNGLIB_MINOR='12'
PNGLIB_VERSION='1.2.12'
POW_LIB=''
RANLIB='ranlib'
SED='/opt/local/bin/gsed'
SET_MAKE=''
SHELL='/bin/sh'
STRIP='strip'
VERSION='1.2.12'
ac_ct_AR='ar'
ac_ct_CC='gcc'
ac_ct_CXX='g++'
ac_ct_F77='gfortran'
ac_ct_RANLIB='ranlib'
ac_ct_SED='/opt/local/bin/gsed'
ac_ct_STRIP='strip'
am__fastdepCC_FALSE='#'
am__fastdepCC_TRUE=''
am__fastdepCXX_FALSE='#'
am__fastdepCXX_TRUE=''
am__include='include'
am__leading_dot='.'
am__quote=''
am__tar='${AMTAR} chof - "$$tardir"'
am__untar='${AMTAR} xf -'
binconfigs='${binconfigs}'
bindir='${exec_prefix}/bin'
build='i386-apple-darwin9.6.0'
build_alias=''
build_cpu='i386'
build_os='darwin9.6.0'
build_vendor='apple'
compatlib='libpng.la'
datadir='${prefix}/share'
exec_prefix='${prefix}'
host='i386-apple-darwin9.6.0'
host_alias=''
host_cpu='i386'
host_os='darwin9.6.0'
host_vendor='apple'
includedir='${prefix}/include'
infodir='${prefix}/info'
install_sh='/Users/davidcox/Repositories/monkeyworks/mw_supporting/image_libs/libpng-1.2.12/install-sh'
libdir='${exec_prefix}/lib'
libexecdir='${exec_prefix}/libexec'
localstatedir='${prefix}/var'
mandir='${prefix}/man'
mkdir_p='$(mkinstalldirs)'
oldincludedir='/usr/include'
pkgconfigdir='${libdir}/pkgconfig'
prefix='/tmp/mw_staging/png'
program_transform_name='s,x,x,'
sbindir='${exec_prefix}/sbin'
sharedstatedir='${prefix}/com'
sysconfdir='${prefix}/etc'
target_alias=''

## ----------- ##
## confdefs.h. ##
## ----------- ##

#define HAVE_DLFCN_H 1
#define HAVE_INTTYPES_H 1
#define HAVE_LIBZ 1
#define HAVE_MALLOC 1
#define HAVE_MEMORY_H 1
#define HAVE_MEMSET 1
#define HAVE_POW 1
#define HAVE_STDINT_H 1
#define HAVE_STDLIB_H 1
#define HAVE_STDLIB_H 1
#define HAVE_STDLIB_H 1
#define HAVE_STRINGS_H 1
#define HAVE_STRINGS_H 1
#define HAVE_STRING_H 1
#define HAVE_STRING_H 1
#define HAVE_SYS_STAT_H 1
#define HAVE_SYS_TYPES_H 1
#define HAVE_UNISTD_H 1
#define PACKAGE "libpng"
#define PACKAGE_BUGREPORT "png-mng-implement@lists.sourceforge.net"
#define PACKAGE_NAME "libpng"
#define PACKAGE_STRING "libpng 1.2.12"
#define PACKAGE_TARNAME "libpng"
#define PACKAGE_VERSION "1.2.12"
#define STDC_HEADERS 1
#define STDC_HEADERS 1
#define VERSION "1.2.12"
#endif
#ifdef __cplusplus
extern "C" void std::exit (int); using std::exit;

configure: exit 0
