This file contains any messages produced by compilers while
running configure, to aid debugging if configure makes a mistake.

It was created by lcms configure 1.15, which was
generated by GNU Autoconf 2.59.  Invocation command line was

  $ ./configure --prefix=/tmp/mw_staging/lcms --enable-static --disable-shared LDFLAGS=-L/tmp/mw_staging/lib CPPFLAGS=-I/tmp/mw_staging/include

## --------- ##
## Platform. ##
## --------- ##

hostname = david-coxs-macbook-pro.local
uname -m = i386
uname -r = 9.6.0
uname -s = Darwin
uname -v = Darwin Kernel Version 9.6.0: Mon Nov 24 17:37:00 PST 2008; root:xnu-1228.9.59~1/RELEASE_I386

/usr/bin/uname -p = i386
/bin/uname -X     = unknown

/bin/arch              = unknown
/usr/bin/arch -k       = unknown
/usr/convex/getsysinfo = unknown
hostinfo               = Mach kernel version:
	 Darwin Kernel Version 9.6.0: Mon Nov 24 17:37:00 PST 2008; root:xnu-1228.9.59~1/RELEASE_I386
Kernel configured for up to 2 processors.
2 processors are physically available.
2 processors are logically available.
Processor type: i486 (Intel 80486)
Processors active: 0 1
Primary memory available: 4.00 gigabytes
Default processor set: 108 tasks, 517 threads, 2 processors
Load average: 1.08, Mach factor: 0.95
/bin/machine           = unknown
/usr/bin/oslevel       = unknown
/bin/universe          = unknown

PATH: /sw/bin
PATH: /sw/sbin
PATH: /usr/bin
PATH: /bin
PATH: /usr/sbin
PATH: /sbin
PATH: /usr/local/bin
PATH: /usr/X11R6/bin
PATH: /Users/davidcox/Scripts/
PATH: /Developer/Tools/
PATH: /usr/local/ec2/bin
PATH: /Applications/svm_light/
PATH: /opt/local/bin
PATH: /usr/X11/bin


## ----------- ##
## Core tests. ##
## ----------- ##

configure:1578: checking build system type
configure:1596: result: i686-apple-darwin9.6.0
configure:1604: checking host system type
configure:1618: result: i686-apple-darwin9.6.0
configure:1626: checking target system type
configure:1640: result: i686-apple-darwin9.6.0
configure:1656: checking whether build environment is sane
configure:1699: result: yes
configure:1717: checking for a BSD-compatible install
configure:1772: result: /usr/bin/install -c
configure:1846: checking for gawk
configure:1862: found /opt/local/bin/gawk
configure:1872: result: gawk
configure:1882: checking whether make sets $(MAKE)
configure:1902: result: yes
configure:2149: checking for gcc
configure:2165: found /usr/bin/gcc
configure:2175: result: gcc
configure:2419: checking for C compiler version
configure:2422: gcc --version </dev/null >&5
i686-apple-darwin9-gcc-4.0.1 (GCC) 4.0.1 (Apple Inc. build 5490)
Copyright (C) 2005 Free Software Foundation, Inc.
This is free software; see the source for copying conditions.  There is NO
warranty; not even for MERCHANTABILITY or FITNESS FOR A PARTICULAR PURPOSE.

configure:2425: $? = 0
configure:2427: gcc -v </dev/null >&5
Using built-in specs.
Target: i686-apple-darwin9
Configured with: /var/tmp/gcc/gcc-5490~1/src/configure --disable-checking -enable-werror --prefix=/usr --mandir=/share/man --enable-languages=c,objc,c++,obj-c++ --program-transform-name=/^[cg][^.-]*$/s/$/-4.0/ --with-gxx-include-dir=/include/c++/4.0.0 --with-slibdir=/usr/lib --build=i686-apple-darwin9 --with-arch=apple --with-tune=generic --host=i686-apple-darwin9 --target=i686-apple-darwin9
Thread model: posix
gcc version 4.0.1 (Apple Inc. build 5490)
configure:2430: $? = 0
configure:2432: gcc -V </dev/null >&5
gcc-4.0: argument to `-V' is missing
configure:2435: $? = 1
configure:2458: checking for C compiler default output file name
configure:2461: gcc -I/usr/include -I/sw/include -I/tmp/mw_staging/include -L/tmp/mw_staging/lib conftest.c  >&5
configure:2464: $? = 0
configure:2510: result: a.out
configure:2515: checking whether the C compiler works
configure:2521: ./a.out
configure:2524: $? = 0
configure:2541: result: yes
configure:2548: checking whether we are cross compiling
configure:2550: result: no
configure:2553: checking for suffix of executables
configure:2555: gcc -o conftest -I/usr/include -I/sw/include -I/tmp/mw_staging/include -L/tmp/mw_staging/lib conftest.c  >&5
configure:2558: $? = 0
configure:2583: result: 
configure:2589: checking for suffix of object files
configure:2610: gcc -c -I/usr/include -I/sw/include -I/tmp/mw_staging/include conftest.c >&5
configure:2613: $? = 0
configure:2635: result: o
configure:2639: checking whether we are using the GNU C compiler
configure:2663: gcc -c -I/usr/include -I/sw/include -I/tmp/mw_staging/include conftest.c >&5
configure:2669: $? = 0
configure:2673: test -z 
			 || test ! -s conftest.err
configure:2676: $? = 0
configure:2679: test -s conftest.o
configure:2682: $? = 0
configure:2695: result: yes
configure:2701: checking whether gcc accepts -g
configure:2722: gcc -c -g -I/tmp/mw_staging/include conftest.c >&5
configure:2728: $? = 0
configure:2732: test -z 
			 || test ! -s conftest.err
configure:2735: $? = 0
configure:2738: test -s conftest.o
configure:2741: $? = 0
configure:2752: result: yes
configure:2769: checking for gcc option to accept ANSI C
configure:2839: gcc  -c -I/usr/include -I/sw/include -I/tmp/mw_staging/include conftest.c >&5
configure:2845: $? = 0
configure:2849: test -z 
			 || test ! -s conftest.err
configure:2852: $? = 0
configure:2855: test -s conftest.o
configure:2858: $? = 0
configure:2876: result: none needed
configure:2894: gcc -c -I/usr/include -I/sw/include -I/tmp/mw_staging/include conftest.c >&5
conftest.c:2: error: syntax error before 'me'
configure:2900: $? = 1
configure: failed program was:
| #ifndef __cplusplus
|   choke me
| #endif
configure:3044: checking for style of include used by make
configure:3072: result: GNU
configure:3100: checking dependency style of gcc
configure:3190: result: gcc3
configure:3213: checking how to run the C preprocessor
configure:3248: gcc -E -I/tmp/mw_staging/include conftest.c
configure:3254: $? = 0
configure:3286: gcc -E -I/tmp/mw_staging/include conftest.c
conftest.c:9:28: error: ac_nonexistent.h: No such file or directory
configure:3292: $? = 1
configure: failed program was:
| /* confdefs.h.  */
| 
| #define PACKAGE_NAME "lcms"
| #define PACKAGE_TARNAME "lcms"
| #define PACKAGE_VERSION "1.15"
| #define PACKAGE_STRING "lcms 1.15"
| #define PACKAGE_BUGREPORT ""
| /* end confdefs.h.  */
| #include <ac_nonexistent.h>
configure:3331: result: gcc -E
configure:3355: gcc -E -I/tmp/mw_staging/include conftest.c
configure:3361: $? = 0
configure:3393: gcc -E -I/tmp/mw_staging/include conftest.c
conftest.c:9:28: error: ac_nonexistent.h: No such file or directory
configure:3399: $? = 1
configure: failed program was:
| /* confdefs.h.  */
| 
| #define PACKAGE_NAME "lcms"
| #define PACKAGE_TARNAME "lcms"
| #define PACKAGE_VERSION "1.15"
| #define PACKAGE_STRING "lcms 1.15"
| #define PACKAGE_BUGREPORT ""
| /* end confdefs.h.  */
| #include <ac_nonexistent.h>
configure:3442: checking for a sed that does not truncate output
configure:3496: result: /opt/local/bin/gsed
configure:3499: checking for egrep
configure:3509: result: grep -E
configure:3525: checking for ld used by gcc
configure:3592: result: /usr/libexec/gcc/i686-apple-darwin9/4.0.1/ld
configure:3601: checking if the linker (/usr/libexec/gcc/i686-apple-darwin9/4.0.1/ld) is GNU ld
configure:3616: result: no
configure:3635: checking for a BSD-compatible install
configure:3690: result: /usr/bin/install -c
configure:3701: checking whether make sets $(MAKE)
configure:3721: result: yes
configure:3730: checking whether ln -s works
configure:3734: result: yes
configure:3793: checking for g++
configure:3809: found /usr/bin/g++
configure:3819: result: g++
configure:3835: checking for C++ compiler version
configure:3838: g++ --version </dev/null >&5
i686-apple-darwin9-g++-4.0.1 (GCC) 4.0.1 (Apple Inc. build 5490)
Copyright (C) 2005 Free Software Foundation, Inc.
This is free software; see the source for copying conditions.  There is NO
warranty; not even for MERCHANTABILITY or FITNESS FOR A PARTICULAR PURPOSE.

configure:3841: $? = 0
configure:3843: g++ -v </dev/null >&5
Using built-in specs.
Target: i686-apple-darwin9
Configured with: /var/tmp/gcc/gcc-5490~1/src/configure --disable-checking -enable-werror --prefix=/usr --mandir=/share/man --enable-languages=c,objc,c++,obj-c++ --program-transform-name=/^[cg][^.-]*$/s/$/-4.0/ --with-gxx-include-dir=/include/c++/4.0.0 --with-slibdir=/usr/lib --build=i686-apple-darwin9 --with-arch=apple --with-tune=generic --host=i686-apple-darwin9 --target=i686-apple-darwin9
Thread model: posix
gcc version 4.0.1 (Apple Inc. build 5490)
configure:3846: $? = 0
configure:3848: g++ -V </dev/null >&5
g++-4.0: argument to `-V' is missing
configure:3851: $? = 1
configure:3854: checking whether we are using the GNU C++ compiler
configure:3878: g++ -c  -I/tmp/mw_staging/include conftest.cc >&5
configure:3884: $? = 0
configure:3888: test -z 
			 || test ! -s conftest.err
configure:3891: $? = 0
configure:3894: test -s conftest.o
configure:3897: $? = 0
configure:3910: result: yes
configure:3916: checking whether g++ accepts -g
configure:3937: g++ -c -g -I/tmp/mw_staging/include conftest.cc >&5
configure:3943: $? = 0
configure:3947: test -z 
			 || test ! -s conftest.err
configure:3950: $? = 0
configure:3953: test -s conftest.o
configure:3956: $? = 0
configure:3967: result: yes
configure:4009: g++ -c -g -O2 -I/tmp/mw_staging/include conftest.cc >&5
configure:4015: $? = 0
configure:4019: test -z 
			 || test ! -s conftest.err
configure:4022: $? = 0
configure:4025: test -s conftest.o
configure:4028: $? = 0
configure:4054: g++ -c -g -O2 -I/tmp/mw_staging/include conftest.cc >&5
conftest.cc: In function 'int main()':
conftest.cc:13: error: 'exit' was not declared in this scope
configure:4060: $? = 1
configure: failed program was:
| /* confdefs.h.  */
| 
| #define PACKAGE_NAME "lcms"
| #define PACKAGE_TARNAME "lcms"
| #define PACKAGE_VERSION "1.15"
| #define PACKAGE_STRING "lcms 1.15"
| #define PACKAGE_BUGREPORT ""
| /* end confdefs.h.  */
| 
| int
| main ()
| {
| exit (42);
|   ;
|   return 0;
| }
configure:4009: g++ -c -g -O2 -I/tmp/mw_staging/include conftest.cc >&5
/usr/include/stdlib.h:159: error: declaration of 'void std::exit(int)' throws different exceptions
conftest.cc:9: error: than previous declaration 'void std::exit(int) throw ()'
configure:4015: $? = 1
configure: failed program was:
| /* confdefs.h.  */
| 
| #define PACKAGE_NAME "lcms"
| #define PACKAGE_TARNAME "lcms"
| #define PACKAGE_VERSION "1.15"
| #define PACKAGE_STRING "lcms 1.15"
| #define PACKAGE_BUGREPORT ""
| /* end confdefs.h.  */
| extern "C" void std::exit (int) throw (); using std::exit;
| #include <stdlib.h>
| int
| main ()
| {
| exit (42);
|   ;
|   return 0;
| }
configure:4009: g++ -c -g -O2 -I/tmp/mw_staging/include conftest.cc >&5
configure:4015: $? = 0
configure:4019: test -z 
			 || test ! -s conftest.err
configure:4022: $? = 0
configure:4025: test -s conftest.o
configure:4028: $? = 0
configure:4054: g++ -c -g -O2 -I/tmp/mw_staging/include conftest.cc >&5
configure:4060: $? = 0
configure:4064: test -z 
			 || test ! -s conftest.err
configure:4067: $? = 0
configure:4070: test -s conftest.o
configure:4073: $? = 0
configure:4098: checking dependency style of g++
configure:4188: result: gcc3
configure:4564: checking for /usr/libexec/gcc/i686-apple-darwin9/4.0.1/ld option to reload object files
configure:4571: result: -r
configure:4589: checking for BSD-compatible nm
configure:4631: result: /usr/bin/nm -p
configure:4635: checking how to recognise dependent libraries
configure:4807: result: pass_all
configure:5257: checking for ANSI C header files
configure:5282: gcc -c -I/usr/include -I/sw/include -I/tmp/mw_staging/include conftest.c >&5
configure:5288: $? = 0
configure:5292: test -z 
			 || test ! -s conftest.err
configure:5295: $? = 0
configure:5298: test -s conftest.o
configure:5301: $? = 0
configure:5390: gcc -o conftest -I/usr/include -I/sw/include -I/tmp/mw_staging/include -L/tmp/mw_staging/lib conftest.c  >&5
conftest.c: In function 'main':
conftest.c:29: warning: incompatible implicit declaration of built-in function 'exit'
configure:5393: $? = 0
configure:5395: ./conftest
configure:5398: $? = 0
configure:5413: result: yes
configure:5437: checking for sys/types.h
configure:5453: gcc -c -I/usr/include -I/sw/include -I/tmp/mw_staging/include conftest.c >&5
configure:5459: $? = 0
configure:5463: test -z 
			 || test ! -s conftest.err
configure:5466: $? = 0
configure:5469: test -s conftest.o
configure:5472: $? = 0
configure:5483: result: yes
configure:5437: checking for sys/stat.h
configure:5453: gcc -c -I/usr/include -I/sw/include -I/tmp/mw_staging/include conftest.c >&5
configure:5459: $? = 0
configure:5463: test -z 
			 || test ! -s conftest.err
configure:5466: $? = 0
configure:5469: test -s conftest.o
configure:5472: $? = 0
configure:5483: result: yes
configure:5437: checking for stdlib.h
configure:5453: gcc -c -I/usr/include -I/sw/include -I/tmp/mw_staging/include conftest.c >&5
configure:5459: $? = 0
configure:5463: test -z 
			 || test ! -s conftest.err
configure:5466: $? = 0
configure:5469: test -s conftest.o
configure:5472: $? = 0
configure:5483: result: yes
configure:5437: checking for string.h
configure:5453: gcc -c -I/usr/include -I/sw/include -I/tmp/mw_staging/include conftest.c >&5
configure:5459: $? = 0
configure:5463: test -z 
			 || test ! -s conftest.err
configure:5466: $? = 0
configure:5469: test -s conftest.o
configure:5472: $? = 0
configure:5483: result: yes
configure:5437: checking for memory.h
configure:5453: gcc -c -I/usr/include -I/sw/include -I/tmp/mw_staging/include conftest.c >&5
configure:5459: $? = 0
configure:5463: test -z 
			 || test ! -s conftest.err
configure:5466: $? = 0
configure:5469: test -s conftest.o
configure:5472: $? = 0
configure:5483: result: yes
configure:5437: checking for strings.h
configure:5453: gcc -c -I/usr/include -I/sw/include -I/tmp/mw_staging/include conftest.c >&5
configure:5459: $? = 0
configure:5463: test -z 
			 || test ! -s conftest.err
configure:5466: $? = 0
configure:5469: test -s conftest.o
configure:5472: $? = 0
configure:5483: result: yes
configure:5437: checking for inttypes.h
configure:5453: gcc -c -I/usr/include -I/sw/include -I/tmp/mw_staging/include conftest.c >&5
configure:5459: $? = 0
configure:5463: test -z 
			 || test ! -s conftest.err
configure:5466: $? = 0
configure:5469: test -s conftest.o
configure:5472: $? = 0
configure:5483: result: yes
configure:5437: checking for stdint.h
configure:5453: gcc -c -I/usr/include -I/sw/include -I/tmp/mw_staging/include conftest.c >&5
configure:5459: $? = 0
configure:5463: test -z 
			 || test ! -s conftest.err
configure:5466: $? = 0
configure:5469: test -s conftest.o
configure:5472: $? = 0
configure:5483: result: yes
configure:5437: checking for unistd.h
configure:5453: gcc -c -I/usr/include -I/sw/include -I/tmp/mw_staging/include conftest.c >&5
configure:5459: $? = 0
configure:5463: test -z 
			 || test ! -s conftest.err
configure:5466: $? = 0
configure:5469: test -s conftest.o
configure:5472: $? = 0
configure:5483: result: yes
configure:5509: checking dlfcn.h usability
configure:5521: gcc -c -I/usr/include -I/sw/include -I/tmp/mw_staging/include conftest.c >&5
configure:5527: $? = 0
configure:5531: test -z 
			 || test ! -s conftest.err
configure:5534: $? = 0
configure:5537: test -s conftest.o
configure:5540: $? = 0
configure:5550: result: yes
configure:5554: checking dlfcn.h presence
configure:5564: gcc -E -I/tmp/mw_staging/include conftest.c
configure:5570: $? = 0
configure:5590: result: yes
configure:5625: checking for dlfcn.h
configure:5632: result: yes
configure:5655: checking how to run the C++ preprocessor
configure:5686: g++ -E -I/tmp/mw_staging/include conftest.cc
configure:5692: $? = 0
configure:5724: g++ -E -I/tmp/mw_staging/include conftest.cc
conftest.cc:23:28: error: ac_nonexistent.h: No such file or directory
configure:5730: $? = 1
configure: failed program was:
| /* confdefs.h.  */
| 
| #define PACKAGE_NAME "lcms"
| #define PACKAGE_TARNAME "lcms"
| #define PACKAGE_VERSION "1.15"
| #define PACKAGE_STRING "lcms 1.15"
| #define PACKAGE_BUGREPORT ""
| #ifdef __cplusplus
| extern "C" void std::exit (int); using std::exit;
| #endif
| #define STDC_HEADERS 1
| #define HAVE_SYS_TYPES_H 1
| #define HAVE_SYS_STAT_H 1
| #define HAVE_STDLIB_H 1
| #define HAVE_STRING_H 1
| #define HAVE_MEMORY_H 1
| #define HAVE_STRINGS_H 1
| #define HAVE_INTTYPES_H 1
| #define HAVE_STDINT_H 1
| #define HAVE_UNISTD_H 1
| #define HAVE_DLFCN_H 1
| /* end confdefs.h.  */
| #include <ac_nonexistent.h>
configure:5769: result: g++ -E
configure:5793: g++ -E -I/tmp/mw_staging/include conftest.cc
configure:5799: $? = 0
configure:5831: g++ -E -I/tmp/mw_staging/include conftest.cc
conftest.cc:23:28: error: ac_nonexistent.h: No such file or directory
configure:5837: $? = 1
configure: failed program was:
| /* confdefs.h.  */
| 
| #define PACKAGE_NAME "lcms"
| #define PACKAGE_TARNAME "lcms"
| #define PACKAGE_VERSION "1.15"
| #define PACKAGE_STRING "lcms 1.15"
| #define PACKAGE_BUGREPORT ""
| #ifdef __cplusplus
| extern "C" void std::exit (int); using std::exit;
| #endif
| #define STDC_HEADERS 1
| #define HAVE_SYS_TYPES_H 1
| #define HAVE_SYS_STAT_H 1
| #define HAVE_STDLIB_H 1
| #define HAVE_STRING_H 1
| #define HAVE_MEMORY_H 1
| #define HAVE_STRINGS_H 1
| #define HAVE_INTTYPES_H 1
| #define HAVE_STDINT_H 1
| #define HAVE_UNISTD_H 1
| #define HAVE_DLFCN_H 1
| /* end confdefs.h.  */
| #include <ac_nonexistent.h>
configure:5934: checking for g77
configure:5963: result: no
configure:5934: checking for f77
configure:5963: result: no
configure:5934: checking for xlf
configure:5963: result: no
configure:5934: checking for frt
configure:5963: result: no
configure:5934: checking for pgf77
configure:5963: result: no
configure:5934: checking for fort77
configure:5963: result: no
configure:5934: checking for fl32
configure:5963: result: no
configure:5934: checking for af77
configure:5963: result: no
configure:5934: checking for f90
configure:5963: result: no
configure:5934: checking for xlf90
configure:5963: result: no
configure:5934: checking for pgf90
configure:5963: result: no
configure:5934: checking for epcf90
configure:5963: result: no
configure:5934: checking for f95
configure:5963: result: no
configure:5934: checking for fort
configure:5963: result: no
configure:5934: checking for xlf95
configure:5963: result: no
configure:5934: checking for ifc
configure:5963: result: no
configure:5934: checking for efc
configure:5963: result: no
configure:5934: checking for pgf95
configure:5963: result: no
configure:5934: checking for lf95
configure:5963: result: no
configure:5934: checking for gfortran
configure:5950: found /usr/local/bin/gfortran
configure:5960: result: gfortran
configure:5975: checking for Fortran 77 compiler version
configure:5978: gfortran --version </dev/null >&5
GNU Fortran (GCC) 4.2.1
Copyright (C) 2007 Free Software Foundation, Inc.

GNU Fortran comes with NO WARRANTY, to the extent permitted by law.
You may redistribute copies of GNU Fortran
under the terms of the GNU General Public License.
For more information about these matters, see the file named COPYING

configure:5981: $? = 0
configure:5983: gfortran -v </dev/null >&5
Using built-in specs.
Target: i686-apple-darwin8
Configured with: /Builds/unix/gcc/gcc-4.2/configure --prefix=/usr/local --mandir=/share/man --program-transform-name=/^[cg][^.-]*$/s/$/-4.2/ --build=i686-apple-darwin8 --host=i686-apple-darwin8 --target=i686-apple-darwin8 --enable-languages=fortran
Thread model: posix
gcc version 4.2.1
configure:5986: $? = 0
configure:5988: gfortran -V </dev/null >&5
gfortran: argument to `-V' is missing
configure:5991: $? = 1
configure:5999: checking whether we are using the GNU Fortran 77 compiler
configure:6013: gfortran -c  conftest.F >&5
configure:6019: $? = 0
configure:6023: test -z 
			 || test ! -s conftest.err
configure:6026: $? = 0
configure:6029: test -s conftest.o
configure:6032: $? = 0
configure:6045: result: yes
configure:6051: checking whether gfortran accepts -g
configure:6063: gfortran -c -g conftest.f >&5
configure:6069: $? = 0
configure:6073: test -z 
			 || test ! -s conftest.err
configure:6076: $? = 0
configure:6079: test -s conftest.o
configure:6082: $? = 0
configure:6094: result: yes
configure:6124: checking the maximum length of command line arguments
configure:6216: result: 196608
configure:6227: checking command to parse /usr/bin/nm -p output from gcc object
configure:6323: gcc -c -I/usr/include -I/sw/include -I/tmp/mw_staging/include conftest.c >&5
configure:6326: $? = 0
configure:6330: /usr/bin/nm -p conftest.o \| sed -n -e 's/^.*[ 	]\([BCDEGRST][BCDEGRST]*\)[ 	][ 	]*\([_A-Za-z][_A-Za-z0-9]*\)$/\1 \2 \2/p' \> conftest.nm
configure:6333: $? = 0
cannot find nm_test_var in conftest.nm
configure:6323: gcc -c -I/usr/include -I/sw/include -I/tmp/mw_staging/include conftest.c >&5
configure:6326: $? = 0
configure:6330: /usr/bin/nm -p conftest.o \| sed -n -e 's/^.*[ 	]\([BCDEGRST][BCDEGRST]*\)[ 	][ 	]*_\([_A-Za-z][_A-Za-z0-9]*\)$/\1 _\2 \2/p' \> conftest.nm
configure:6333: $? = 0
configure:6385: gcc -o conftest -I/usr/include -I/sw/include -I/tmp/mw_staging/include -L/tmp/mw_staging/lib conftest.c conftstm.o >&5
configure:6388: $? = 0
configure:6426: result: ok
configure:6430: checking for objdir
configure:6445: result: .libs
configure:6535: checking for ar
configure:6551: found /usr/bin/ar
configure:6562: result: ar
configure:6615: checking for ranlib
configure:6631: found /usr/bin/ranlib
configure:6642: result: ranlib
configure:6695: checking for strip
configure:6711: found /usr/bin/strip
configure:6722: result: strip
configure:7009: checking if gcc static flag  works
configure:7037: result: yes
configure:7055: checking if gcc supports -fno-rtti -fno-exceptions
configure:7073: gcc -c -I/usr/include -I/sw/include -I/tmp/mw_staging/include -fno-rtti -fno-exceptions conftest.c >&5
cc1: warning: command line option "-fno-rtti" is valid for C++/ObjC++ but not for C
configure:7077: $? = 0
configure:7090: result: no
configure:7105: checking for gcc option to produce PIC
configure:7309: result: -fno-common
configure:7317: checking if gcc PIC flag -fno-common works
configure:7335: gcc -c -I/usr/include -I/sw/include -I/tmp/mw_staging/include -fno-common -DPIC conftest.c >&5
configure:7339: $? = 0
configure:7352: result: yes
configure:7376: checking if gcc supports -c -o file.o
configure:7397: gcc -c -I/usr/include -I/sw/include -I/tmp/mw_staging/include -o out/conftest2.o conftest.c >&5
configure:7401: $? = 0
configure:7423: result: yes
configure:7449: checking whether the gcc linker (/usr/libexec/gcc/i686-apple-darwin9/4.0.1/ld) supports shared libraries
configure:8345: result: yes
configure:8416: checking dynamic linker characteristics
configure:8962: result: darwin9.6.0 dyld
configure:8966: checking how to hardcode library paths into programs
configure:8991: result: immediate
configure:9005: checking whether stripping libraries is possible
configure:9018: result: yes
configure:9840: checking if libtool supports shared libraries
configure:9842: result: yes
configure:9845: checking whether to build shared libraries
configure:9866: result: no
configure:9869: checking whether to build static libraries
configure:9873: result: yes
configure:9965: creating libtool
configure:10543: checking for ld used by g++
configure:10610: result: /usr/libexec/gcc/i686-apple-darwin9/4.0.1/ld
configure:10619: checking if the linker (/usr/libexec/gcc/i686-apple-darwin9/4.0.1/ld) is GNU ld
configure:10634: result: no
configure:10685: checking whether the g++ linker (/usr/libexec/gcc/i686-apple-darwin9/4.0.1/ld) supports shared libraries
configure:11572: result: yes
configure:11590: g++ -c -g -O2 -I/tmp/mw_staging/include conftest.cc >&5
configure:11593: $? = 0
configure:11689: checking for g++ option to produce PIC
configure:11957: result: -fno-common
configure:11965: checking if g++ PIC flag -fno-common works
configure:11983: g++ -c -g -O2 -I/tmp/mw_staging/include -fno-common -DPIC conftest.cc >&5
configure:11987: $? = 0
configure:12000: result: yes
configure:12024: checking if g++ supports -c -o file.o
configure:12045: g++ -c -g -O2 -I/tmp/mw_staging/include -o out/conftest2.o conftest.cc >&5
configure:12049: $? = 0
configure:12071: result: yes
configure:12097: checking whether the g++ linker (/usr/libexec/gcc/i686-apple-darwin9/4.0.1/ld) supports shared libraries
configure:12122: result: yes
configure:12193: checking dynamic linker characteristics
configure:12739: result: darwin9.6.0 dyld
configure:12743: checking how to hardcode library paths into programs
configure:12768: result: immediate
configure:12782: checking whether stripping libraries is possible
configure:12795: result: yes
configure:14123: checking if libtool supports shared libraries
configure:14125: result: yes
configure:14128: checking whether to build shared libraries
configure:14148: result: no
configure:14151: checking whether to build static libraries
configure:14155: result: yes
configure:14167: checking for gfortran option to produce PIC
configure:14371: result: -fno-common
configure:14379: checking if gfortran PIC flag -fno-common works
configure:14397: gfortran -c -g -O2 -fno-common conftest.f >&5
configure:14401: $? = 0
configure:14414: result: yes
configure:14438: checking if gfortran supports -c -o file.o
configure:14459: gfortran -c -g -O2 -o out/conftest2.o conftest.f >&5
configure:14463: $? = 0
configure:14485: result: yes
configure:14511: checking whether the gfortran linker (/usr/libexec/gcc/i686-apple-darwin9/4.0.1/ld) supports shared libraries
configure:15387: result: yes
configure:15458: checking dynamic linker characteristics
configure:16004: result: darwin9.6.0 dyld
configure:16008: checking how to hardcode library paths into programs
configure:16033: result: immediate
configure:16047: checking whether stripping libraries is possible
configure:16060: result: yes
configure:20298: checking whether to enable maintainer-specific portions of Makefiles
configure:20307: result: no
configure:20330: checking for inline
configure:20351: gcc -c -I/usr/include -I/sw/include -I/tmp/mw_staging/include conftest.c >&5
configure:20357: $? = 0
configure:20361: test -z 
			 || test ! -s conftest.err
configure:20364: $? = 0
configure:20367: test -s conftest.o
configure:20370: $? = 0
configure:20382: result: inline
configure:20405: checking whether byte ordering is bigendian
configure:20432: gcc -c -I/usr/include -I/sw/include -I/tmp/mw_staging/include conftest.c >&5
configure:20438: $? = 0
configure:20442: test -z 
			 || test ! -s conftest.err
configure:20445: $? = 0
configure:20448: test -s conftest.o
configure:20451: $? = 0
configure:20475: gcc -c -I/usr/include -I/sw/include -I/tmp/mw_staging/include conftest.c >&5
conftest.c: In function 'main':
conftest.c:30: error: 'not' undeclared (first use in this function)
conftest.c:30: error: (Each undeclared identifier is reported only once
conftest.c:30: error: for each function it appears in.)
conftest.c:30: error: syntax error before 'big'
configure:20481: $? = 1
configure: failed program was:
| /* confdefs.h.  */
| 
| #define PACKAGE_NAME "lcms"
| #define PACKAGE_TARNAME "lcms"
| #define PACKAGE_VERSION "1.15"
| #define PACKAGE_STRING "lcms 1.15"
| #define PACKAGE_BUGREPORT ""
| #ifdef __cplusplus
| extern "C" void std::exit (int); using std::exit;
| #endif
| #define STDC_HEADERS 1
| #define HAVE_SYS_TYPES_H 1
| #define HAVE_SYS_STAT_H 1
| #define HAVE_STDLIB_H 1
| #define HAVE_STRING_H 1
| #define HAVE_MEMORY_H 1
| #define HAVE_STRINGS_H 1
| #define HAVE_INTTYPES_H 1
| #define HAVE_STDINT_H 1
| #define HAVE_UNISTD_H 1
| #define HAVE_DLFCN_H 1
| /* end confdefs.h.  */
| #include <sys/types.h>
| #include <sys/param.h>
| 
| int
| main ()
| {
| #if BYTE_ORDER != BIG_ENDIAN
|  not big endian
| #endif
| 
|   ;
|   return 0;
| }
configure:20616: result: no
configure:20654: checking for int
configure:20678: gcc -c -I/usr/include -I/sw/include -I/tmp/mw_staging/include conftest.c >&5
configure:20684: $? = 0
configure:20688: test -z 
			 || test ! -s conftest.err
configure:20691: $? = 0
configure:20694: test -s conftest.o
configure:20697: $? = 0
configure:20708: result: yes
configure:20711: checking size of int
configure:21030: gcc -o conftest -I/usr/include -I/sw/include -I/tmp/mw_staging/include -L/tmp/mw_staging/lib conftest.c  >&5
configure:21033: $? = 0
configure:21035: ./conftest
configure:21038: $? = 0
configure:21061: result: 4
configure:21071: checking for unsigned int
configure:21095: gcc -c -I/usr/include -I/sw/include -I/tmp/mw_staging/include conftest.c >&5
configure:21101: $? = 0
configure:21105: test -z 
			 || test ! -s conftest.err
configure:21108: $? = 0
configure:21111: test -s conftest.o
configure:21114: $? = 0
configure:21125: result: yes
configure:21128: checking size of unsigned int
configure:21447: gcc -o conftest -I/usr/include -I/sw/include -I/tmp/mw_staging/include -L/tmp/mw_staging/lib conftest.c  >&5
configure:21450: $? = 0
configure:21452: ./conftest
configure:21455: $? = 0
configure:21478: result: 4
configure:21488: checking for long
configure:21512: gcc -c -I/usr/include -I/sw/include -I/tmp/mw_staging/include conftest.c >&5
configure:21518: $? = 0
configure:21522: test -z 
			 || test ! -s conftest.err
configure:21525: $? = 0
configure:21528: test -s conftest.o
configure:21531: $? = 0
configure:21542: result: yes
configure:21545: checking size of long
configure:21864: gcc -o conftest -I/usr/include -I/sw/include -I/tmp/mw_staging/include -L/tmp/mw_staging/lib conftest.c  >&5
configure:21867: $? = 0
configure:21869: ./conftest
configure:21872: $? = 0
configure:21895: result: 4
configure:21905: checking for unsigned long
configure:21929: gcc -c -I/usr/include -I/sw/include -I/tmp/mw_staging/include conftest.c >&5
configure:21935: $? = 0
configure:21939: test -z 
			 || test ! -s conftest.err
configure:21942: $? = 0
configure:21945: test -s conftest.o
configure:21948: $? = 0
configure:21959: result: yes
configure:21962: checking size of unsigned long
configure:22281: gcc -o conftest -I/usr/include -I/sw/include -I/tmp/mw_staging/include -L/tmp/mw_staging/lib conftest.c  >&5
configure:22284: $? = 0
configure:22286: ./conftest
configure:22289: $? = 0
configure:22312: result: 4
configure:22323: checking for long long
configure:22347: gcc -c -I/usr/include -I/sw/include -I/tmp/mw_staging/include conftest.c >&5
configure:22353: $? = 0
configure:22357: test -z 
			 || test ! -s conftest.err
configure:22360: $? = 0
configure:22363: test -s conftest.o
configure:22366: $? = 0
configure:22377: result: yes
configure:22380: checking size of long long
configure:22699: gcc -o conftest -I/usr/include -I/sw/include -I/tmp/mw_staging/include -L/tmp/mw_staging/lib conftest.c  >&5
configure:22702: $? = 0
configure:22704: ./conftest
configure:22707: $? = 0
configure:22730: result: 8
configure:22742: checking for unsigned long long
configure:22766: gcc -c -I/usr/include -I/sw/include -I/tmp/mw_staging/include conftest.c >&5
configure:22772: $? = 0
configure:22776: test -z 
			 || test ! -s conftest.err
configure:22779: $? = 0
configure:22782: test -s conftest.o
configure:22785: $? = 0
configure:22796: result: yes
configure:22799: checking size of unsigned long long
configure:23118: gcc -o conftest -I/usr/include -I/sw/include -I/tmp/mw_staging/include -L/tmp/mw_staging/lib conftest.c  >&5
configure:23121: $? = 0
configure:23123: ./conftest
configure:23126: $? = 0
configure:23149: result: 8
configure:23161: checking for signed 8-bit type
configure:23164: result: char
configure:23168: checking for unsigned 8-bit type
configure:23171: result: unsigned char
configure:23175: checking for signed 16-bit type
configure:23178: result: short
configure:23182: checking for unsigned 16-bit type
configure:23185: result: unsigned short
configure:23189: checking for signed 32-bit type
configure:23199: result: int
configure:23203: checking for unsigned 32-bit type
configure:23213: result: unsigned int
configure:23217: checking for signed 64-bit type
configure:23227: result: long long
configure:23231: checking for unsigned 64-bit type
configure:23241: result: unsigned long long
configure:23250: checking for sqrt in -lm
configure:23280: gcc -o conftest -I/usr/include -I/sw/include -I/tmp/mw_staging/include -L/tmp/mw_staging/lib conftest.c -lm   >&5
conftest.c:36: warning: conflicting types for built-in function 'sqrt'
configure:23286: $? = 0
configure:23290: test -z 
			 || test ! -s conftest.err
configure:23293: $? = 0
configure:23296: test -s conftest
configure:23299: $? = 0
configure:23312: result: yes
configure:23328: checking for JPEG support 
configure:23330: result: 
configure:23344: checking jconfig.h usability
configure:23356: gcc -c -I/usr/include -I/sw/include -I/tmp/mw_staging/include conftest.c >&5
In file included from conftest.c:63:
/tmp/mw_staging/include/jconfig.h:12:1: warning: "HAVE_STDLIB_H" redefined
conftest.c:14:1: warning: this is the location of the previous definition
configure:23362: $? = 0
configure:23366: test -z 
			 || test ! -s conftest.err
configure:23369: $? = 0
configure:23372: test -s conftest.o
configure:23375: $? = 0
configure:23385: result: yes
configure:23389: checking jconfig.h presence
configure:23399: gcc -E -I/tmp/mw_staging/include conftest.c
In file included from conftest.c:29:
/tmp/mw_staging/include/jconfig.h:12:1: warning: "HAVE_STDLIB_H" redefined
conftest.c:14:1: warning: this is the location of the previous definition
configure:23405: $? = 0
configure:23425: result: yes
configure:23460: checking for jconfig.h
configure:23467: result: yes
configure:23488: checking jerror.h usability
configure:23500: gcc -c -I/usr/include -I/sw/include -I/tmp/mw_staging/include conftest.c >&5
configure:23506: $? = 0
configure:23510: test -z 
			 || test ! -s conftest.err
configure:23513: $? = 0
configure:23516: test -s conftest.o
configure:23519: $? = 0
configure:23529: result: yes
configure:23533: checking jerror.h presence
configure:23543: gcc -E -I/tmp/mw_staging/include conftest.c
configure:23549: $? = 0
configure:23569: result: yes
configure:23604: checking for jerror.h
configure:23611: result: yes
configure:23632: checking jmorecfg.h usability
configure:23644: gcc -c -I/usr/include -I/sw/include -I/tmp/mw_staging/include conftest.c >&5
configure:23650: $? = 0
configure:23654: test -z 
			 || test ! -s conftest.err
configure:23657: $? = 0
configure:23660: test -s conftest.o
configure:23663: $? = 0
configure:23673: result: yes
configure:23677: checking jmorecfg.h presence
configure:23687: gcc -E -I/tmp/mw_staging/include conftest.c
configure:23693: $? = 0
configure:23713: result: yes
configure:23748: checking for jmorecfg.h
configure:23755: result: yes
configure:23776: checking jpeglib.h usability
configure:23788: gcc -c -I/usr/include -I/sw/include -I/tmp/mw_staging/include conftest.c >&5
In file included from /tmp/mw_staging/include/jpeglib.h:24,
                 from conftest.c:63:
/tmp/mw_staging/include/jconfig.h:12:1: warning: "HAVE_STDLIB_H" redefined
conftest.c:14:1: warning: this is the location of the previous definition
configure:23794: $? = 0
configure:23798: test -z 
			 || test ! -s conftest.err
configure:23801: $? = 0
configure:23804: test -s conftest.o
configure:23807: $? = 0
configure:23817: result: yes
configure:23821: checking jpeglib.h presence
configure:23831: gcc -E -I/tmp/mw_staging/include conftest.c
In file included from /tmp/mw_staging/include/jpeglib.h:24,
                 from conftest.c:29:
/tmp/mw_staging/include/jconfig.h:12:1: warning: "HAVE_STDLIB_H" redefined
conftest.c:14:1: warning: this is the location of the previous definition
configure:23837: $? = 0
configure:23857: result: yes
configure:23892: checking for jpeglib.h
configure:23899: result: yes
configure:23910: checking for jpeg_read_header in -ljpeg
configure:23940: gcc -o conftest -I/usr/include -I/sw/include -I/tmp/mw_staging/include -L/tmp/mw_staging/lib conftest.c -ljpeg  -lm  >&5
configure:23946: $? = 0
configure:23950: test -z 
			 || test ! -s conftest.err
configure:23953: $? = 0
configure:23956: test -s conftest
configure:23959: $? = 0
configure:23972: result: yes
configure:23983: checking for JPEG library is version 6b or later
configure:24012: gcc -c -I/usr/include -I/sw/include -I/tmp/mw_staging/include conftest.c >&5
In file included from /tmp/mw_staging/include/jpeglib.h:24,
                 from conftest.c:31:
/tmp/mw_staging/include/jconfig.h:12:1: warning: "HAVE_STDLIB_H" redefined
conftest.c:14:1: warning: this is the location of the previous definition
configure:24018: $? = 0
configure:24022: test -z 
			 || test ! -s conftest.err
configure:24025: $? = 0
configure:24028: test -s conftest.o
configure:24031: $? = 0
configure:24042: result: yes
configure:24045: result: yes
configure:24054: checking if JPEG package is complete
configure:24071: result: yes
configure:24099: checking for ZLIB support 
configure:24101: result: 
configure:24115: checking zconf.h usability
configure:24127: gcc -c -I/usr/include -I/sw/include -I/tmp/mw_staging/include conftest.c >&5
configure:24133: $? = 0
configure:24137: test -z 
			 || test ! -s conftest.err
configure:24140: $? = 0
configure:24143: test -s conftest.o
configure:24146: $? = 0
configure:24156: result: yes
configure:24160: checking zconf.h presence
configure:24170: gcc -E -I/tmp/mw_staging/include conftest.c
configure:24176: $? = 0
configure:24196: result: yes
configure:24231: checking for zconf.h
configure:24238: result: yes
configure:24259: checking zlib.h usability
configure:24271: gcc -c -I/usr/include -I/sw/include -I/tmp/mw_staging/include conftest.c >&5
configure:24277: $? = 0
configure:24281: test -z 
			 || test ! -s conftest.err
configure:24284: $? = 0
configure:24287: test -s conftest.o
configure:24290: $? = 0
configure:24300: result: yes
configure:24304: checking zlib.h presence
configure:24314: gcc -E -I/tmp/mw_staging/include conftest.c
configure:24320: $? = 0
configure:24340: result: yes
configure:24375: checking for zlib.h
configure:24382: result: yes
configure:24393: checking for compress in -lz
configure:24423: gcc -o conftest -I/usr/include -I/sw/include -I/tmp/mw_staging/include -L/tmp/mw_staging/lib conftest.c -lz  -ljpeg -lm  >&5
configure:24429: $? = 0
configure:24433: test -z 
			 || test ! -s conftest.err
configure:24436: $? = 0
configure:24439: test -s conftest
configure:24442: $? = 0
configure:24455: result: yes
configure:24463: checking for uncompress in -lz
configure:24493: gcc -o conftest -I/usr/include -I/sw/include -I/tmp/mw_staging/include -L/tmp/mw_staging/lib conftest.c -lz  -ljpeg -lm  >&5
configure:24499: $? = 0
configure:24503: test -z 
			 || test ! -s conftest.err
configure:24506: $? = 0
configure:24509: test -s conftest
configure:24512: $? = 0
configure:24525: result: yes
configure:24533: checking for deflate in -lz
configure:24563: gcc -o conftest -I/usr/include -I/sw/include -I/tmp/mw_staging/include -L/tmp/mw_staging/lib conftest.c -lz  -ljpeg -lm  >&5
configure:24569: $? = 0
configure:24573: test -z 
			 || test ! -s conftest.err
configure:24576: $? = 0
configure:24579: test -s conftest
configure:24582: $? = 0
configure:24595: result: yes
configure:24603: checking for inflate in -lz
configure:24633: gcc -o conftest -I/usr/include -I/sw/include -I/tmp/mw_staging/include -L/tmp/mw_staging/lib conftest.c -lz  -ljpeg -lm  >&5
configure:24639: $? = 0
configure:24643: test -z 
			 || test ! -s conftest.err
configure:24646: $? = 0
configure:24649: test -s conftest
configure:24652: $? = 0
configure:24665: result: yes
configure:24673: checking for gzseek in -lz
configure:24703: gcc -o conftest -I/usr/include -I/sw/include -I/tmp/mw_staging/include -L/tmp/mw_staging/lib conftest.c -lz  -ljpeg -lm  >&5
configure:24709: $? = 0
configure:24713: test -z 
			 || test ! -s conftest.err
configure:24716: $? = 0
configure:24719: test -s conftest
configure:24722: $? = 0
configure:24735: result: yes
configure:24743: checking for gztell in -lz
configure:24773: gcc -o conftest -I/usr/include -I/sw/include -I/tmp/mw_staging/include -L/tmp/mw_staging/lib conftest.c -lz  -ljpeg -lm  >&5
configure:24779: $? = 0
configure:24783: test -z 
			 || test ! -s conftest.err
configure:24786: $? = 0
configure:24789: test -s conftest
configure:24792: $? = 0
configure:24805: result: yes
configure:24813: checking if ZLIB package is complete
configure:24830: result: yes
configure:24858: checking for TIFF support 
configure:24860: result: 
configure:24874: checking tiff.h usability
configure:24886: gcc -c -I/usr/include -I/sw/include -I/tmp/mw_staging/include conftest.c >&5
configure:24892: $? = 0
configure:24896: test -z 
			 || test ! -s conftest.err
configure:24899: $? = 0
configure:24902: test -s conftest.o
configure:24905: $? = 0
configure:24915: result: yes
configure:24919: checking tiff.h presence
configure:24929: gcc -E -I/tmp/mw_staging/include conftest.c
configure:24935: $? = 0
configure:24955: result: yes
configure:24990: checking for tiff.h
configure:24997: result: yes
configure:25018: checking tiffio.h usability
configure:25030: gcc -c -I/usr/include -I/sw/include -I/tmp/mw_staging/include conftest.c >&5
configure:25036: $? = 0
configure:25040: test -z 
			 || test ! -s conftest.err
configure:25043: $? = 0
configure:25046: test -s conftest.o
configure:25049: $? = 0
configure:25059: result: yes
configure:25063: checking tiffio.h presence
configure:25073: gcc -E -I/tmp/mw_staging/include conftest.c
configure:25079: $? = 0
configure:25099: result: yes
configure:25134: checking for tiffio.h
configure:25141: result: yes
configure:25152: checking for TIFFOpen in -ltiff
configure:25182: gcc -o conftest -I/usr/include -I/sw/include -I/tmp/mw_staging/include -L/tmp/mw_staging/lib conftest.c -ltiff  -lz -ljpeg -lm  >&5
configure:25188: $? = 0
configure:25192: test -z 
			 || test ! -s conftest.err
configure:25195: $? = 0
configure:25198: test -s conftest
configure:25201: $? = 0
configure:25214: result: yes
configure:25222: checking for TIFFClientOpen in -ltiff
configure:25252: gcc -o conftest -I/usr/include -I/sw/include -I/tmp/mw_staging/include -L/tmp/mw_staging/lib conftest.c -ltiff  -lz -ljpeg -lm  >&5
configure:25258: $? = 0
configure:25262: test -z 
			 || test ! -s conftest.err
configure:25265: $? = 0
configure:25268: test -s conftest
configure:25271: $? = 0
configure:25284: result: yes
configure:25292: checking for TIFFIsByteSwapped in -ltiff
configure:25322: gcc -o conftest -I/usr/include -I/sw/include -I/tmp/mw_staging/include -L/tmp/mw_staging/lib conftest.c -ltiff  -lz -ljpeg -lm  >&5
configure:25328: $? = 0
configure:25332: test -z 
			 || test ! -s conftest.err
configure:25335: $? = 0
configure:25338: test -s conftest
configure:25341: $? = 0
configure:25354: result: yes
configure:25364: checking if TIFF package is complete
configure:25381: result: yes
configure:25398: checking tiffconf.h usability
configure:25410: gcc -c -I/usr/include -I/sw/include -I/tmp/mw_staging/include conftest.c >&5
configure:25416: $? = 0
configure:25420: test -z 
			 || test ! -s conftest.err
configure:25423: $? = 0
configure:25426: test -s conftest.o
configure:25429: $? = 0
configure:25439: result: yes
configure:25443: checking tiffconf.h presence
configure:25453: gcc -E -I/tmp/mw_staging/include conftest.c
configure:25459: $? = 0
configure:25479: result: yes
configure:25514: checking for tiffconf.h
configure:25521: result: yes
configure:25776: creating ./config.status

## ---------------------- ##
## Running config.status. ##
## ---------------------- ##

This file was extended by lcms config.status 1.15, which was
generated by GNU Autoconf 2.59.  Invocation command line was

  CONFIG_FILES    = 
  CONFIG_HEADERS  = 
  CONFIG_LINKS    = 
  CONFIG_COMMANDS = 
  $ ./config.status 

on david-coxs-macbook-pro.local

config.status:767: creating Makefile
config.status:767: creating lcms.pc
config.status:767: creating include/icc34.h
config.status:767: creating include/Makefile
config.status:767: creating jpegicc/Makefile
config.status:767: creating python/Makefile
config.status:767: creating samples/Makefile
config.status:767: creating testbed/Makefile
config.status:767: creating tifficc/Makefile
config.status:767: creating src/Makefile
config.status:950: executing depfiles commands

## ---------------- ##
## Cache variables. ##
## ---------------- ##

ac_cv_build=i686-apple-darwin9.6.0
ac_cv_build_alias=i686-apple-darwin9.6.0
ac_cv_c_bigendian=no
ac_cv_c_compiler_gnu=yes
ac_cv_c_inline=inline
ac_cv_cxx_compiler_gnu=yes
ac_cv_env_CC_set=
ac_cv_env_CC_value=
ac_cv_env_CFLAGS_set=set
ac_cv_env_CFLAGS_value='-I/usr/include -I/sw/include'
ac_cv_env_CPPFLAGS_set=set
ac_cv_env_CPPFLAGS_value=-I/tmp/mw_staging/include
ac_cv_env_CPP_set=
ac_cv_env_CPP_value=
ac_cv_env_CXXCPP_set=
ac_cv_env_CXXCPP_value=
ac_cv_env_CXXFLAGS_set=
ac_cv_env_CXXFLAGS_value=
ac_cv_env_CXX_set=
ac_cv_env_CXX_value=
ac_cv_env_F77_set=
ac_cv_env_F77_value=
ac_cv_env_FFLAGS_set=
ac_cv_env_FFLAGS_value=
ac_cv_env_LDFLAGS_set=set
ac_cv_env_LDFLAGS_value=-L/tmp/mw_staging/lib
ac_cv_env_build_alias_set=
ac_cv_env_build_alias_value=
ac_cv_env_host_alias_set=
ac_cv_env_host_alias_value=
ac_cv_env_target_alias_set=
ac_cv_env_target_alias_value=
ac_cv_exeext=
ac_cv_f77_compiler_gnu=yes
ac_cv_header_dlfcn_h=yes
ac_cv_header_inttypes_h=yes
ac_cv_header_jconfig_h=yes
ac_cv_header_jerror_h=yes
ac_cv_header_jmorecfg_h=yes
ac_cv_header_jpeglib_h=yes
ac_cv_header_memory_h=yes
ac_cv_header_stdc=yes
ac_cv_header_stdint_h=yes
ac_cv_header_stdlib_h=yes
ac_cv_header_string_h=yes
ac_cv_header_strings_h=yes
ac_cv_header_sys_stat_h=yes
ac_cv_header_sys_types_h=yes
ac_cv_header_tiff_h=yes
ac_cv_header_tiffconf_h=yes
ac_cv_header_tiffio_h=yes
ac_cv_header_unistd_h=yes
ac_cv_header_zconf_h=yes
ac_cv_header_zlib_h=yes
ac_cv_host=i686-apple-darwin9.6.0
ac_cv_host_alias=i686-apple-darwin9.6.0
ac_cv_jpeg_version_ok=yes
ac_cv_lib_jpeg_jpeg_read_header=yes
ac_cv_lib_m_sqrt=yes
ac_cv_lib_tiff_TIFFClientOpen=yes
ac_cv_lib_tiff_TIFFIsByteSwapped=yes
ac_cv_lib_tiff_TIFFOpen=yes
ac_cv_lib_z_compress=yes
ac_cv_lib_z_deflate=yes
ac_cv_lib_z_gzseek=yes
ac_cv_lib_z_gztell=yes
ac_cv_lib_z_inflate=yes
ac_cv_lib_z_uncompress=yes
ac_cv_objext=o
ac_cv_path_install='/usr/bin/install -c'
ac_cv_prog_AWK=gawk
ac_cv_prog_CPP='gcc -E'
ac_cv_prog_CXXCPP='g++ -E'
ac_cv_prog_ac_ct_AR=ar
ac_cv_prog_ac_ct_CC=gcc
ac_cv_prog_ac_ct_CXX=g++
ac_cv_prog_ac_ct_F77=gfortran
ac_cv_prog_ac_ct_RANLIB=ranlib
ac_cv_prog_ac_ct_STRIP=strip
ac_cv_prog_cc_g=yes
ac_cv_prog_cc_stdc=
ac_cv_prog_cxx_g=yes
ac_cv_prog_egrep='grep -E'
ac_cv_prog_f77_g=yes
ac_cv_prog_make_make_set=yes
ac_cv_sizeof_int=4
ac_cv_sizeof_long=4
ac_cv_sizeof_long_long=8
ac_cv_sizeof_unsigned_int=4
ac_cv_sizeof_unsigned_long=4
ac_cv_sizeof_unsigned_long_long=8
ac_cv_target=i686-apple-darwin9.6.0
ac_cv_target_alias=i686-apple-darwin9.6.0
ac_cv_type_int=yes
ac_cv_type_long=yes
ac_cv_type_long_long=yes
ac_cv_type_unsigned_int=yes
ac_cv_type_unsigned_long=yes
ac_cv_type_unsigned_long_long=yes
am_cv_CC_dependencies_compiler_type=gcc3
am_cv_CXX_dependencies_compiler_type=gcc3
lt_cv_deplibs_check_method=pass_all
lt_cv_file_magic_cmd='$MAGIC_CMD'
lt_cv_file_magic_test_file=
lt_cv_ld_reload_flag=-r
lt_cv_objdir=.libs
lt_cv_path_LD=/usr/libexec/gcc/i686-apple-darwin9/4.0.1/ld
lt_cv_path_LDCXX=/usr/libexec/gcc/i686-apple-darwin9/4.0.1/ld
lt_cv_path_NM='/usr/bin/nm -p'
lt_cv_path_SED=/opt/local/bin/gsed
lt_cv_prog_compiler_c_o=yes
lt_cv_prog_compiler_c_o_CXX=yes
lt_cv_prog_compiler_c_o_F77=yes
lt_cv_prog_compiler_rtti_exceptions=no
lt_cv_prog_gnu_ld=no
lt_cv_prog_gnu_ldcxx=no
lt_cv_sys_global_symbol_pipe='sed -n -e '\''s/^.*[ 	]\([BCDEGRST][BCDEGRST]*\)[ 	][ 	]*_\([_A-Za-z][_A-Za-z0-9]*\)$/\1 _\2 \2/p'\'''
lt_cv_sys_global_symbol_to_c_name_address='sed -n -e '\''s/^: \([^ ]*\) $/  {\"\1\", (lt_ptr) 0},/p'\'' -e '\''s/^[BCDEGRST] \([^ ]*\) \([^ ]*\)$/  {"\2", (lt_ptr) \&\2},/p'\'''
lt_cv_sys_global_symbol_to_cdecl='sed -n -e '\''s/^. .* \(.*\)$/extern int \1;/p'\'''
lt_cv_sys_max_cmd_len=196608
lt_lt_cv_prog_compiler_c_o='"yes"'
lt_lt_cv_prog_compiler_c_o_CXX='"yes"'
lt_lt_cv_prog_compiler_c_o_F77='"yes"'
lt_lt_cv_sys_global_symbol_pipe='"sed -n -e '\''s/^.*[ 	]\\([BCDEGRST][BCDEGRST]*\\)[ 	][ 	]*_\\([_A-Za-z][_A-Za-z0-9]*\\)\$/\\1 _\\2 \\2/p'\''"'
lt_lt_cv_sys_global_symbol_to_c_name_address='"sed -n -e '\''s/^: \\([^ ]*\\) \$/  {\\\"\\1\\\", (lt_ptr) 0},/p'\'' -e '\''s/^[BCDEGRST] \\([^ ]*\\) \\([^ ]*\\)\$/  {\"\\2\", (lt_ptr) \\&\\2},/p'\''"'
lt_lt_cv_sys_global_symbol_to_cdecl='"sed -n -e '\''s/^. .* \\(.*\\)\$/extern int \\1;/p'\''"'

## ----------------- ##
## Output variables. ##
## ----------------- ##

ACLOCAL='${SHELL} /Users/davidcox/Repositories/monkeyworks/mw_supporting/image_libs/lcms-1.15/missing --run aclocal-1.9'
AMDEPBACKSLASH='\'
AMDEP_FALSE='#'
AMDEP_TRUE=''
AMTAR='${SHELL} /Users/davidcox/Repositories/monkeyworks/mw_supporting/image_libs/lcms-1.15/missing --run tar'
AR='ar'
AS='as'
AUTOCONF='${SHELL} /Users/davidcox/Repositories/monkeyworks/mw_supporting/image_libs/lcms-1.15/missing --run autoconf'
AUTOHEADER='${SHELL} /Users/davidcox/Repositories/monkeyworks/mw_supporting/image_libs/lcms-1.15/missing --run autoheader'
AUTOMAKE='${SHELL} /Users/davidcox/Repositories/monkeyworks/mw_supporting/image_libs/lcms-1.15/missing --run automake-1.9'
AWK='gawk'
CC='gcc'
CCDEPMODE='depmode=gcc3'
CFLAGS='-I/usr/include -I/sw/include'
CPP='gcc -E'
CPPFLAGS='-I/tmp/mw_staging/include'
CXX='g++'
CXXCPP='g++ -E'
CXXDEPMODE='depmode=gcc3'
CXXFLAGS='-g -O2'
CYGPATH_W='echo'
DEFS='-DPACKAGE_NAME=\"lcms\" -DPACKAGE_TARNAME=\"lcms\" -DPACKAGE_VERSION=\"1.15\" -DPACKAGE_STRING=\"lcms\ 1.15\" -DPACKAGE_BUGREPORT=\"\" -DSTDC_HEADERS=1 -DHAVE_SYS_TYPES_H=1 -DHAVE_SYS_STAT_H=1 -DHAVE_STDLIB_H=1 -DHAVE_STRING_H=1 -DHAVE_MEMORY_H=1 -DHAVE_STRINGS_H=1 -DHAVE_INTTYPES_H=1 -DHAVE_STDINT_H=1 -DHAVE_UNISTD_H=1 -DHAVE_DLFCN_H=1 -DSIZEOF_INT=4 -DSIZEOF_UNSIGNED_INT=4 -DSIZEOF_LONG=4 -DSIZEOF_UNSIGNED_LONG=4 -DSIZEOF_LONG_LONG=8 -DSIZEOF_UNSIGNED_LONG_LONG=8 -DHasJPEG=1 -DHasZLIB=1 -DHasTIFF=1 -DHAVE_TIFFCONF_H=1 '
DEPDIR='.deps'
DLLTOOL='dlltool'
ECHO='/bin/echo'
ECHO_C='ECHO_N=''
ECHO_T=''
EGREP='grep -E'
EXEEXT=''
F77='gfortran'
FFLAGS='-g -O2'
HasJPEG_FALSE='#'
HasJPEG_TRUE=''
HasTIFF_FALSE='#'
HasTIFF_TRUE=''
HasZLIB_FALSE='#'
HasZLIB_TRUE=''
INSTALL_DATA='${INSTALL} -m 644'
INSTALL_PROGRAM='${INSTALL}'
INSTALL_SCRIPT='${INSTALL}'
INSTALL_STRIP_PROGRAM='${SHELL} $(install_sh) -c -s'
INT16_T='short'
INT32_T='int'
INT64_T='long long'
INT8_T='char'
JPEGICC_DEPLIBS='-ljpeg -lm'
LCMS_LIB_DEPLIBS='-lm'
LD='/usr/libexec/gcc/i686-apple-darwin9/4.0.1/ld'
LDFLAGS='-L/tmp/mw_staging/lib'
LIBOBJS=''
LIBRARY_AGE='0'
LIBRARY_CURRENT='1'
LIBRARY_REVISION='15'
LIBS=''
LIBTOOL='$(SHELL) $(top_builddir)/libtool'
LIBTOOL_DEPS='./ltmain.sh'
LIB_JPEG='-ljpeg'
LIB_MATH='-lm'
LIB_TIFF='-ltiff'
LIB_ZLIB='-lz'
LN_S='ln -s'
LTLIBOBJS=''
MAINT='#'
MAINTAINER_MODE_FALSE=''
MAINTAINER_MODE_TRUE='#'
MAKEINFO='${SHELL} /Users/davidcox/Repositories/monkeyworks/mw_supporting/image_libs/lcms-1.15/missing --run makeinfo'
OBJDUMP='objdump'
OBJEXT='o'
PACKAGE='lcms'
PACKAGE_BUGREPORT=''
PACKAGE_NAME='lcms'
PACKAGE_STRING='lcms 1.15'
PACKAGE_TARNAME='lcms'
PACKAGE_VERSION='1.15'
PATH_SEPARATOR=':'
PYTHON=''
PYTHON_EXEC_PREFIX=''
PYTHON_PLATFORM=''
PYTHON_PREFIX=''
PYTHON_VERSION=''
RANLIB='ranlib'
SET_MAKE=''
SHELL='/bin/sh'
STRIP='strip'
SUPPORT_PYTHON_FALSE=''
SUPPORT_PYTHON_TRUE='#'
SWIG=''
TIFFICC_DEPLIBS='-ltiff -ljpeg -lz -lm'
UINT16_T='unsigned short'
UINT32_T='unsigned int'
UINT64_T='unsigned long long'
UINT8_T='unsigned char'
VERSION='1.15'
ac_ct_AR='ar'
ac_ct_AS=''
ac_ct_CC='gcc'
ac_ct_CXX='g++'
ac_ct_DLLTOOL=''
ac_ct_F77='gfortran'
ac_ct_OBJDUMP=''
ac_ct_RANLIB='ranlib'
ac_ct_STRIP='strip'
am__fastdepCC_FALSE='#'
am__fastdepCC_TRUE=''
am__fastdepCXX_FALSE='#'
am__fastdepCXX_TRUE=''
am__include='include'
am__leading_dot='.'
am__quote=''
am__tar='${AMTAR} chof - "$$tardir"'
am__untar='${AMTAR} xf -'
bindir='${exec_prefix}/bin'
build='i686-apple-darwin9.6.0'
build_alias=''
build_cpu='i686'
build_os='darwin9.6.0'
build_vendor='apple'
datadir='${prefix}/share'
exec_prefix='${prefix}'
host='i686-apple-darwin9.6.0'
host_alias=''
host_cpu='i686'
host_os='darwin9.6.0'
host_vendor='apple'
includedir='${prefix}/include'
infodir='${prefix}/info'
inline=''
install_sh='/Users/davidcox/Repositories/monkeyworks/mw_supporting/image_libs/lcms-1.15/install-sh'
libdir='${exec_prefix}/lib'
libexecdir='${exec_prefix}/libexec'
localstatedir='${prefix}/var'
mandir='${prefix}/man'
mkdir_p='$(mkinstalldirs)'
oldincludedir='/usr/include'
pkgpyexecdir=''
pkgpythondir=''
prefix='/tmp/mw_staging/lcms'
program_transform_name='s,x,x,'
pyexecdir=''
pythondir=''
sbindir='${exec_prefix}/sbin'
sharedstatedir='${prefix}/com'
sysconfdir='${prefix}/etc'
target='i686-apple-darwin9.6.0'
target_alias=''
target_cpu='i686'
target_os='darwin9.6.0'
target_vendor='apple'

## ----------- ##
## confdefs.h. ##
## ----------- ##

#define HAVE_DLFCN_H 1
#define HAVE_INTTYPES_H 1
#define HAVE_MEMORY_H 1
#define HAVE_STDINT_H 1
#define HAVE_STDLIB_H 1
#define HAVE_STRINGS_H 1
#define HAVE_STRING_H 1
#define HAVE_SYS_STAT_H 1
#define HAVE_SYS_TYPES_H 1
#define HAVE_TIFFCONF_H 1
#define HAVE_UNISTD_H 1
#define HasJPEG 1
#define HasTIFF 1
#define HasZLIB 1
#define PACKAGE_BUGREPORT ""
#define PACKAGE_NAME "lcms"
#define PACKAGE_STRING "lcms 1.15"
#define PACKAGE_TARNAME "lcms"
#define PACKAGE_VERSION "1.15"
#define SIZEOF_INT 4
#define SIZEOF_LONG 4
#define SIZEOF_LONG_LONG 8
#define SIZEOF_UNSIGNED_INT 4
#define SIZEOF_UNSIGNED_LONG 4
#define SIZEOF_UNSIGNED_LONG_LONG 8
#define STDC_HEADERS 1
#endif
#ifdef __cplusplus
extern "C" void std::exit (int); using std::exit;

configure: exit 0
