This file contains any messages produced by compilers while
running configure, to aid debugging if configure makes a mistake.

It was created by configure, which was
generated by GNU Autoconf 2.59.  Invocation command line was

  $ ./configure --prefix=/tmp/mw_staging/cppunit

## --------- ##
## Platform. ##
## --------- ##

hostname = david-coxs-macbook-pro.local
uname -m = i386
uname -r = 9.6.0
uname -s = Darwin
uname -v = Darwin Kernel Version 9.6.0: Mon Nov 24 17:37:00 PST 2008; root:xnu-1228.9.59~1/RELEASE_I386

/usr/bin/uname -p = i386
/bin/uname -X     = unknown

/bin/arch              = unknown
/usr/bin/arch -k       = unknown
/usr/convex/getsysinfo = unknown
hostinfo               = Mach kernel version:
	 Darwin Kernel Version 9.6.0: Mon Nov 24 17:37:00 PST 2008; root:xnu-1228.9.59~1/RELEASE_I386
Kernel configured for up to 2 processors.
2 processors are physically available.
2 processors are logically available.
Processor type: i486 (Intel 80486)
Processors active: 0 1
Primary memory available: 4.00 gigabytes
Default processor set: 108 tasks, 514 threads, 2 processors
Load average: 1.82, Mach factor: 0.35
/bin/machine           = unknown
/usr/bin/oslevel       = unknown
/bin/universe          = unknown

PATH: /sw/bin
PATH: /sw/sbin
PATH: /usr/bin
PATH: /bin
PATH: /usr/sbin
PATH: /sbin
PATH: /usr/local/bin
PATH: /usr/X11R6/bin
PATH: /Users/davidcox/Scripts/
PATH: /Developer/Tools/
PATH: /usr/local/ec2/bin
PATH: /Applications/svm_light/
PATH: /opt/local/bin
PATH: /usr/X11/bin


## ----------- ##
## Core tests. ##
## ----------- ##

configure:1579: checking for a BSD-compatible install
configure:1634: result: /usr/bin/install -c
configure:1645: checking whether build environment is sane
configure:1688: result: yes
configure:1753: checking for gawk
configure:1769: found /opt/local/bin/gawk
configure:1779: result: gawk
configure:1789: checking whether make sets $(MAKE)
configure:1809: result: yes
configure:1982: checking whether make sets $(MAKE)
configure:2002: result: yes
configure:2024: checking for a BSD-compatible install
configure:2079: result: /usr/bin/install -c
configure:2142: checking for gcc
configure:2158: found /usr/bin/gcc
configure:2168: result: gcc
configure:2412: checking for C compiler version
configure:2415: gcc --version </dev/null >&5
i686-apple-darwin9-gcc-4.0.1 (GCC) 4.0.1 (Apple Inc. build 5490)
Copyright (C) 2005 Free Software Foundation, Inc.
This is free software; see the source for copying conditions.  There is NO
warranty; not even for MERCHANTABILITY or FITNESS FOR A PARTICULAR PURPOSE.

configure:2418: $? = 0
configure:2420: gcc -v </dev/null >&5
Using built-in specs.
Target: i686-apple-darwin9
Configured with: /var/tmp/gcc/gcc-5490~1/src/configure --disable-checking -enable-werror --prefix=/usr --mandir=/share/man --enable-languages=c,objc,c++,obj-c++ --program-transform-name=/^[cg][^.-]*$/s/$/-4.0/ --with-gxx-include-dir=/include/c++/4.0.0 --with-slibdir=/usr/lib --build=i686-apple-darwin9 --with-arch=apple --with-tune=generic --host=i686-apple-darwin9 --target=i686-apple-darwin9
Thread model: posix
gcc version 4.0.1 (Apple Inc. build 5490)
configure:2423: $? = 0
configure:2425: gcc -V </dev/null >&5
gcc-4.0: argument to `-V' is missing
configure:2428: $? = 1
configure:2451: checking for C compiler default output file name
configure:2454: gcc -I/usr/include -I/sw/include  -L/usr/lib -L/sw/lib conftest.c  >&5
configure:2457: $? = 0
configure:2503: result: a.out
configure:2508: checking whether the C compiler works
configure:2514: ./a.out
configure:2517: $? = 0
configure:2534: result: yes
configure:2541: checking whether we are cross compiling
configure:2543: result: no
configure:2546: checking for suffix of executables
configure:2548: gcc -o conftest -I/usr/include -I/sw/include  -L/usr/lib -L/sw/lib conftest.c  >&5
configure:2551: $? = 0
configure:2576: result: 
configure:2582: checking for suffix of object files
configure:2603: gcc -c -I/usr/include -I/sw/include  conftest.c >&5
configure:2606: $? = 0
configure:2628: result: o
configure:2632: checking whether we are using the GNU C compiler
configure:2656: gcc -c -I/usr/include -I/sw/include  conftest.c >&5
configure:2662: $? = 0
configure:2666: test -z 
			 || test ! -s conftest.err
configure:2669: $? = 0
configure:2672: test -s conftest.o
configure:2675: $? = 0
configure:2688: result: yes
configure:2694: checking whether gcc accepts -g
configure:2715: gcc -c -g  conftest.c >&5
configure:2721: $? = 0
configure:2725: test -z 
			 || test ! -s conftest.err
configure:2728: $? = 0
configure:2731: test -s conftest.o
configure:2734: $? = 0
configure:2745: result: yes
configure:2762: checking for gcc option to accept ANSI C
configure:2832: gcc  -c -I/usr/include -I/sw/include  conftest.c >&5
configure:2838: $? = 0
configure:2842: test -z 
			 || test ! -s conftest.err
configure:2845: $? = 0
configure:2848: test -s conftest.o
configure:2851: $? = 0
configure:2869: result: none needed
configure:2887: gcc -c -I/usr/include -I/sw/include  conftest.c >&5
conftest.c:2: error: syntax error before 'me'
configure:2893: $? = 1
configure: failed program was:
| #ifndef __cplusplus
|   choke me
| #endif
configure:3037: checking for style of include used by make
configure:3065: result: GNU
configure:3093: checking dependency style of gcc
configure:3183: result: gcc3
configure:3252: checking for g++
configure:3268: found /usr/bin/g++
configure:3278: result: g++
configure:3294: checking for C++ compiler version
configure:3297: g++ --version </dev/null >&5
i686-apple-darwin9-g++-4.0.1 (GCC) 4.0.1 (Apple Inc. build 5490)
Copyright (C) 2005 Free Software Foundation, Inc.
This is free software; see the source for copying conditions.  There is NO
warranty; not even for MERCHANTABILITY or FITNESS FOR A PARTICULAR PURPOSE.

configure:3300: $? = 0
configure:3302: g++ -v </dev/null >&5
Using built-in specs.
Target: i686-apple-darwin9
Configured with: /var/tmp/gcc/gcc-5490~1/src/configure --disable-checking -enable-werror --prefix=/usr --mandir=/share/man --enable-languages=c,objc,c++,obj-c++ --program-transform-name=/^[cg][^.-]*$/s/$/-4.0/ --with-gxx-include-dir=/include/c++/4.0.0 --with-slibdir=/usr/lib --build=i686-apple-darwin9 --with-arch=apple --with-tune=generic --host=i686-apple-darwin9 --target=i686-apple-darwin9
Thread model: posix
gcc version 4.0.1 (Apple Inc. build 5490)
configure:3305: $? = 0
configure:3307: g++ -V </dev/null >&5
g++-4.0: argument to `-V' is missing
configure:3310: $? = 1
configure:3313: checking whether we are using the GNU C++ compiler
configure:3337: g++ -c   conftest.cc >&5
configure:3343: $? = 0
configure:3347: test -z 
			 || test ! -s conftest.err
configure:3350: $? = 0
configure:3353: test -s conftest.o
configure:3356: $? = 0
configure:3369: result: yes
configure:3375: checking whether g++ accepts -g
configure:3396: g++ -c -g  conftest.cc >&5
configure:3402: $? = 0
configure:3406: test -z 
			 || test ! -s conftest.err
configure:3409: $? = 0
configure:3412: test -s conftest.o
configure:3415: $? = 0
configure:3426: result: yes
configure:3468: g++ -c -g -O2  conftest.cc >&5
configure:3474: $? = 0
configure:3478: test -z 
			 || test ! -s conftest.err
configure:3481: $? = 0
configure:3484: test -s conftest.o
configure:3487: $? = 0
configure:3513: g++ -c -g -O2  conftest.cc >&5
conftest.cc: In function 'int main()':
conftest.cc:15: error: 'exit' was not declared in this scope
configure:3519: $? = 1
configure: failed program was:
| /* confdefs.h.  */
| 
| #define PACKAGE_NAME ""
| #define PACKAGE_TARNAME ""
| #define PACKAGE_VERSION ""
| #define PACKAGE_STRING ""
| #define PACKAGE_BUGREPORT ""
| #define PACKAGE "cppunit"
| #define VERSION "1.12.0"
| /* end confdefs.h.  */
| 
| int
| main ()
| {
| exit (42);
|   ;
|   return 0;
| }
configure:3468: g++ -c -g -O2  conftest.cc >&5
/usr/include/stdlib.h:159: error: declaration of 'void std::exit(int)' throws different exceptions
conftest.cc:11: error: than previous declaration 'void std::exit(int) throw ()'
configure:3474: $? = 1
configure: failed program was:
| /* confdefs.h.  */
| 
| #define PACKAGE_NAME ""
| #define PACKAGE_TARNAME ""
| #define PACKAGE_VERSION ""
| #define PACKAGE_STRING ""
| #define PACKAGE_BUGREPORT ""
| #define PACKAGE "cppunit"
| #define VERSION "1.12.0"
| /* end confdefs.h.  */
| extern "C" void std::exit (int) throw (); using std::exit;
| #include <stdlib.h>
| int
| main ()
| {
| exit (42);
|   ;
|   return 0;
| }
configure:3468: g++ -c -g -O2  conftest.cc >&5
configure:3474: $? = 0
configure:3478: test -z 
			 || test ! -s conftest.err
configure:3481: $? = 0
configure:3484: test -s conftest.o
configure:3487: $? = 0
configure:3513: g++ -c -g -O2  conftest.cc >&5
configure:3519: $? = 0
configure:3523: test -z 
			 || test ! -s conftest.err
configure:3526: $? = 0
configure:3529: test -s conftest.o
configure:3532: $? = 0
configure:3557: checking dependency style of g++
configure:3647: result: gcc3
configure:3751: checking build system type
configure:3769: result: i686-apple-darwin9.6.0
configure:3777: checking host system type
configure:3791: result: i686-apple-darwin9.6.0
configure:3799: checking for a sed that does not truncate output
configure:3853: result: /opt/local/bin/gsed
configure:3856: checking for egrep
configure:3866: result: grep -E
configure:3882: checking for ld used by gcc
configure:3949: result: /usr/libexec/gcc/i686-apple-darwin9/4.0.1/ld
configure:3958: checking if the linker (/usr/libexec/gcc/i686-apple-darwin9/4.0.1/ld) is GNU ld
configure:3973: result: no
configure:3978: checking for /usr/libexec/gcc/i686-apple-darwin9/4.0.1/ld option to reload object files
configure:3985: result: -r
configure:4003: checking for BSD-compatible nm
configure:4045: result: /usr/bin/nm -p
configure:4049: checking whether ln -s works
configure:4053: result: yes
configure:4060: checking how to recognise dependent libraries
configure:4232: result: pass_all
configure:4688: checking how to run the C preprocessor
configure:4723: gcc -E  conftest.c
configure:4729: $? = 0
configure:4761: gcc -E  conftest.c
conftest.c:14:28: error: ac_nonexistent.h: No such file or directory
configure:4767: $? = 1
configure: failed program was:
| /* confdefs.h.  */
| 
| #define PACKAGE_NAME ""
| #define PACKAGE_TARNAME ""
| #define PACKAGE_VERSION ""
| #define PACKAGE_STRING ""
| #define PACKAGE_BUGREPORT ""
| #define PACKAGE "cppunit"
| #define VERSION "1.12.0"
| #ifdef __cplusplus
| extern "C" void std::exit (int); using std::exit;
| #endif
| /* end confdefs.h.  */
| #include <ac_nonexistent.h>
configure:4806: result: gcc -E
configure:4830: gcc -E  conftest.c
configure:4836: $? = 0
configure:4868: gcc -E  conftest.c
conftest.c:14:28: error: ac_nonexistent.h: No such file or directory
configure:4874: $? = 1
configure: failed program was:
| /* confdefs.h.  */
| 
| #define PACKAGE_NAME ""
| #define PACKAGE_TARNAME ""
| #define PACKAGE_VERSION ""
| #define PACKAGE_STRING ""
| #define PACKAGE_BUGREPORT ""
| #define PACKAGE "cppunit"
| #define VERSION "1.12.0"
| #ifdef __cplusplus
| extern "C" void std::exit (int); using std::exit;
| #endif
| /* end confdefs.h.  */
| #include <ac_nonexistent.h>
configure:4918: checking for ANSI C header files
configure:4943: gcc -c -I/usr/include -I/sw/include  conftest.c >&5
configure:4949: $? = 0
configure:4953: test -z 
			 || test ! -s conftest.err
configure:4956: $? = 0
configure:4959: test -s conftest.o
configure:4962: $? = 0
configure:5051: gcc -o conftest -I/usr/include -I/sw/include  -L/usr/lib -L/sw/lib conftest.c  >&5
conftest.c: In function 'main':
conftest.c:31: warning: incompatible implicit declaration of built-in function 'exit'
configure:5054: $? = 0
configure:5056: ./conftest
configure:5059: $? = 0
configure:5074: result: yes
configure:5098: checking for sys/types.h
configure:5114: gcc -c -I/usr/include -I/sw/include  conftest.c >&5
configure:5120: $? = 0
configure:5124: test -z 
			 || test ! -s conftest.err
configure:5127: $? = 0
configure:5130: test -s conftest.o
configure:5133: $? = 0
configure:5144: result: yes
configure:5098: checking for sys/stat.h
configure:5114: gcc -c -I/usr/include -I/sw/include  conftest.c >&5
configure:5120: $? = 0
configure:5124: test -z 
			 || test ! -s conftest.err
configure:5127: $? = 0
configure:5130: test -s conftest.o
configure:5133: $? = 0
configure:5144: result: yes
configure:5098: checking for stdlib.h
configure:5114: gcc -c -I/usr/include -I/sw/include  conftest.c >&5
configure:5120: $? = 0
configure:5124: test -z 
			 || test ! -s conftest.err
configure:5127: $? = 0
configure:5130: test -s conftest.o
configure:5133: $? = 0
configure:5144: result: yes
configure:5098: checking for string.h
configure:5114: gcc -c -I/usr/include -I/sw/include  conftest.c >&5
configure:5120: $? = 0
configure:5124: test -z 
			 || test ! -s conftest.err
configure:5127: $? = 0
configure:5130: test -s conftest.o
configure:5133: $? = 0
configure:5144: result: yes
configure:5098: checking for memory.h
configure:5114: gcc -c -I/usr/include -I/sw/include  conftest.c >&5
configure:5120: $? = 0
configure:5124: test -z 
			 || test ! -s conftest.err
configure:5127: $? = 0
configure:5130: test -s conftest.o
configure:5133: $? = 0
configure:5144: result: yes
configure:5098: checking for strings.h
configure:5114: gcc -c -I/usr/include -I/sw/include  conftest.c >&5
configure:5120: $? = 0
configure:5124: test -z 
			 || test ! -s conftest.err
configure:5127: $? = 0
configure:5130: test -s conftest.o
configure:5133: $? = 0
configure:5144: result: yes
configure:5098: checking for inttypes.h
configure:5114: gcc -c -I/usr/include -I/sw/include  conftest.c >&5
configure:5120: $? = 0
configure:5124: test -z 
			 || test ! -s conftest.err
configure:5127: $? = 0
configure:5130: test -s conftest.o
configure:5133: $? = 0
configure:5144: result: yes
configure:5098: checking for stdint.h
configure:5114: gcc -c -I/usr/include -I/sw/include  conftest.c >&5
configure:5120: $? = 0
configure:5124: test -z 
			 || test ! -s conftest.err
configure:5127: $? = 0
configure:5130: test -s conftest.o
configure:5133: $? = 0
configure:5144: result: yes
configure:5098: checking for unistd.h
configure:5114: gcc -c -I/usr/include -I/sw/include  conftest.c >&5
configure:5120: $? = 0
configure:5124: test -z 
			 || test ! -s conftest.err
configure:5127: $? = 0
configure:5130: test -s conftest.o
configure:5133: $? = 0
configure:5144: result: yes
configure:5170: checking dlfcn.h usability
configure:5182: gcc -c -I/usr/include -I/sw/include  conftest.c >&5
configure:5188: $? = 0
configure:5192: test -z 
			 || test ! -s conftest.err
configure:5195: $? = 0
configure:5198: test -s conftest.o
configure:5201: $? = 0
configure:5211: result: yes
configure:5215: checking dlfcn.h presence
configure:5225: gcc -E  conftest.c
configure:5231: $? = 0
configure:5251: result: yes
configure:5286: checking for dlfcn.h
configure:5293: result: yes
configure:5316: checking how to run the C++ preprocessor
configure:5347: g++ -E  conftest.cc
configure:5353: $? = 0
configure:5385: g++ -E  conftest.cc
conftest.cc:25:28: error: ac_nonexistent.h: No such file or directory
configure:5391: $? = 1
configure: failed program was:
| /* confdefs.h.  */
| 
| #define PACKAGE_NAME ""
| #define PACKAGE_TARNAME ""
| #define PACKAGE_VERSION ""
| #define PACKAGE_STRING ""
| #define PACKAGE_BUGREPORT ""
| #define PACKAGE "cppunit"
| #define VERSION "1.12.0"
| #ifdef __cplusplus
| extern "C" void std::exit (int); using std::exit;
| #endif
| #define STDC_HEADERS 1
| #define HAVE_SYS_TYPES_H 1
| #define HAVE_SYS_STAT_H 1
| #define HAVE_STDLIB_H 1
| #define HAVE_STRING_H 1
| #define HAVE_MEMORY_H 1
| #define HAVE_STRINGS_H 1
| #define HAVE_INTTYPES_H 1
| #define HAVE_STDINT_H 1
| #define HAVE_UNISTD_H 1
| #define HAVE_DLFCN_H 1
| /* end confdefs.h.  */
| #include <ac_nonexistent.h>
configure:5430: result: g++ -E
configure:5454: g++ -E  conftest.cc
configure:5460: $? = 0
configure:5492: g++ -E  conftest.cc
conftest.cc:25:28: error: ac_nonexistent.h: No such file or directory
configure:5498: $? = 1
configure: failed program was:
| /* confdefs.h.  */
| 
| #define PACKAGE_NAME ""
| #define PACKAGE_TARNAME ""
| #define PACKAGE_VERSION ""
| #define PACKAGE_STRING ""
| #define PACKAGE_BUGREPORT ""
| #define PACKAGE "cppunit"
| #define VERSION "1.12.0"
| #ifdef __cplusplus
| extern "C" void std::exit (int); using std::exit;
| #endif
| #define STDC_HEADERS 1
| #define HAVE_SYS_TYPES_H 1
| #define HAVE_SYS_STAT_H 1
| #define HAVE_STDLIB_H 1
| #define HAVE_STRING_H 1
| #define HAVE_MEMORY_H 1
| #define HAVE_STRINGS_H 1
| #define HAVE_INTTYPES_H 1
| #define HAVE_STDINT_H 1
| #define HAVE_UNISTD_H 1
| #define HAVE_DLFCN_H 1
| /* end confdefs.h.  */
| #include <ac_nonexistent.h>
configure:5595: checking for g77
configure:5624: result: no
configure:5595: checking for f77
configure:5624: result: no
configure:5595: checking for xlf
configure:5624: result: no
configure:5595: checking for frt
configure:5624: result: no
configure:5595: checking for pgf77
configure:5624: result: no
configure:5595: checking for fort77
configure:5624: result: no
configure:5595: checking for fl32
configure:5624: result: no
configure:5595: checking for af77
configure:5624: result: no
configure:5595: checking for f90
configure:5624: result: no
configure:5595: checking for xlf90
configure:5624: result: no
configure:5595: checking for pgf90
configure:5624: result: no
configure:5595: checking for epcf90
configure:5624: result: no
configure:5595: checking for f95
configure:5624: result: no
configure:5595: checking for fort
configure:5624: result: no
configure:5595: checking for xlf95
configure:5624: result: no
configure:5595: checking for ifc
configure:5624: result: no
configure:5595: checking for efc
configure:5624: result: no
configure:5595: checking for pgf95
configure:5624: result: no
configure:5595: checking for lf95
configure:5624: result: no
configure:5595: checking for gfortran
configure:5611: found /usr/local/bin/gfortran
configure:5621: result: gfortran
configure:5636: checking for Fortran 77 compiler version
configure:5639: gfortran --version </dev/null >&5
GNU Fortran (GCC) 4.2.1
Copyright (C) 2007 Free Software Foundation, Inc.

GNU Fortran comes with NO WARRANTY, to the extent permitted by law.
You may redistribute copies of GNU Fortran
under the terms of the GNU General Public License.
For more information about these matters, see the file named COPYING

configure:5642: $? = 0
configure:5644: gfortran -v </dev/null >&5
Using built-in specs.
Target: i686-apple-darwin8
Configured with: /Builds/unix/gcc/gcc-4.2/configure --prefix=/usr/local --mandir=/share/man --program-transform-name=/^[cg][^.-]*$/s/$/-4.2/ --build=i686-apple-darwin8 --host=i686-apple-darwin8 --target=i686-apple-darwin8 --enable-languages=fortran
Thread model: posix
gcc version 4.2.1
configure:5647: $? = 0
configure:5649: gfortran -V </dev/null >&5
gfortran: argument to `-V' is missing
configure:5652: $? = 1
configure:5660: checking whether we are using the GNU Fortran 77 compiler
configure:5674: gfortran -c  conftest.F >&5
configure:5680: $? = 0
configure:5684: test -z 
			 || test ! -s conftest.err
configure:5687: $? = 0
configure:5690: test -s conftest.o
configure:5693: $? = 0
configure:5706: result: yes
configure:5712: checking whether gfortran accepts -g
configure:5724: gfortran -c -g conftest.f >&5
configure:5730: $? = 0
configure:5734: test -z 
			 || test ! -s conftest.err
configure:5737: $? = 0
configure:5740: test -s conftest.o
configure:5743: $? = 0
configure:5755: result: yes
configure:5785: checking the maximum length of command line arguments
configure:5876: result: 65536
configure:5887: checking command to parse /usr/bin/nm -p output from gcc object
configure:5983: g++ -c -g -O2  conftest.cc >&5
configure:5986: $? = 0
configure:5990: /usr/bin/nm -p conftest.o \| sed -n -e 's/^.*[ 	]\([BCDEGRST][BCDEGRST]*\)[ 	][ 	]*\([_A-Za-z][_A-Za-z0-9]*\)$/\1 \2 \2/p' \> conftest.nm
configure:5993: $? = 0
cannot find nm_test_var in conftest.nm
configure:5983: g++ -c -g -O2  conftest.cc >&5
configure:5986: $? = 0
configure:5990: /usr/bin/nm -p conftest.o \| sed -n -e 's/^.*[ 	]\([BCDEGRST][BCDEGRST]*\)[ 	][ 	]*_\([_A-Za-z][_A-Za-z0-9]*\)$/\1 _\2 \2/p' \> conftest.nm
configure:5993: $? = 0
configure:6045: g++ -o conftest -g -O2  -L/usr/lib -L/sw/lib conftest.cc conftstm.o >&5
configure:6048: $? = 0
configure:6086: result: ok
configure:6090: checking for objdir
configure:6105: result: .libs
configure:6195: checking for ar
configure:6211: found /usr/bin/ar
configure:6222: result: ar
configure:6275: checking for ranlib
configure:6291: found /usr/bin/ranlib
configure:6302: result: ranlib
configure:6355: checking for strip
configure:6371: found /usr/bin/strip
configure:6382: result: strip
configure:6646: checking if gcc static flag  works
configure:6669: result: yes
configure:6687: checking if gcc supports -fno-rtti -fno-exceptions
configure:6705: gcc -c -I/usr/include -I/sw/include  -fno-rtti -fno-exceptions conftest.c >&5
cc1: warning: command line option "-fno-rtti" is valid for C++/ObjC++ but not for C
configure:6709: $? = 0
configure:6720: result: no
configure:6735: checking for gcc option to produce PIC
configure:6934: result: -fno-common
configure:6942: checking if gcc PIC flag -fno-common works
configure:6960: gcc -c -I/usr/include -I/sw/include  -fno-common -DPIC conftest.c >&5
configure:6964: $? = 0
configure:6975: result: yes
configure:6999: checking if gcc supports -c -o file.o
configure:7020: gcc -c -I/usr/include -I/sw/include  -o out/conftest2.o conftest.c >&5
configure:7024: $? = 0
configure:7044: result: yes
configure:7070: checking whether the gcc linker (/usr/libexec/gcc/i686-apple-darwin9/4.0.1/ld) supports shared libraries
configure:7932: result: yes
configure:8003: checking dynamic linker characteristics
configure:8545: result: darwin9.6.0 dyld
configure:8549: checking how to hardcode library paths into programs
configure:8574: result: immediate
configure:8588: checking whether stripping libraries is possible
configure:8601: result: yes
configure:9423: checking if libtool supports shared libraries
configure:9425: result: yes
configure:9428: checking whether to build shared libraries
configure:9449: result: yes
configure:9452: checking whether to build static libraries
configure:9456: result: yes
configure:9548: creating libtool
configure:10103: checking for ld used by g++
configure:10170: result: /usr/libexec/gcc/i686-apple-darwin9/4.0.1/ld
configure:10179: checking if the linker (/usr/libexec/gcc/i686-apple-darwin9/4.0.1/ld) is GNU ld
configure:10194: result: no
configure:10245: checking whether the g++ linker (/usr/libexec/gcc/i686-apple-darwin9/4.0.1/ld) supports shared libraries
configure:11127: result: yes
configure:11145: g++ -c -g -O2  conftest.cc >&5
configure:11148: $? = 0
configure:11244: checking for g++ option to produce PIC
configure:11512: result: -fno-common
configure:11520: checking if g++ PIC flag -fno-common works
configure:11538: g++ -c -g -O2  -fno-common -DPIC conftest.cc >&5
configure:11542: $? = 0
configure:11553: result: yes
configure:11577: checking if g++ supports -c -o file.o
configure:11598: g++ -c -g -O2  -o out/conftest2.o conftest.cc >&5
configure:11602: $? = 0
configure:11622: result: yes
configure:11648: checking whether the g++ linker (/usr/libexec/gcc/i686-apple-darwin9/4.0.1/ld) supports shared libraries
configure:11673: result: yes
configure:11744: checking dynamic linker characteristics
configure:12286: result: darwin9.6.0 dyld
configure:12290: checking how to hardcode library paths into programs
configure:12315: result: immediate
configure:12329: checking whether stripping libraries is possible
configure:12342: result: yes
configure:13647: checking if libtool supports shared libraries
configure:13649: result: yes
configure:13652: checking whether to build shared libraries
configure:13670: result: yes
configure:13673: checking whether to build static libraries
configure:13677: result: yes
configure:13689: checking for gfortran option to produce PIC
configure:13888: result: -fno-common
configure:13896: checking if gfortran PIC flag -fno-common works
configure:13914: gfortran -c -g -O2 -fno-common conftest.f >&5
configure:13918: $? = 0
configure:13929: result: yes
configure:13953: checking if gfortran supports -c -o file.o
configure:13974: gfortran -c -g -O2 -o out/conftest2.o conftest.f >&5
configure:13978: $? = 0
configure:13998: result: yes
configure:14024: checking whether the gfortran linker (/usr/libexec/gcc/i686-apple-darwin9/4.0.1/ld) supports shared libraries
configure:14866: result: yes
configure:14937: checking dynamic linker characteristics
configure:15479: result: darwin9.6.0 dyld
configure:15483: checking how to hardcode library paths into programs
configure:15508: result: immediate
configure:15522: checking whether stripping libraries is possible
configure:15535: result: yes
configure:19674: checking for shl_load
configure:19731: g++ -o conftest -g -O2  -L/usr/lib -L/sw/lib conftest.cc  >&5
Undefined symbols:
  "_shl_load", referenced from:
      _f in cceo6gfJ.o
      _shl_load$non_lazy_ptr in cceo6gfJ.o
ld: symbol(s) not found
collect2: ld returned 1 exit status
configure:19737: $? = 1
configure: failed program was:
| /* confdefs.h.  */
| 
| #define PACKAGE_NAME ""
| #define PACKAGE_TARNAME ""
| #define PACKAGE_VERSION ""
| #define PACKAGE_STRING ""
| #define PACKAGE_BUGREPORT ""
| #define PACKAGE "cppunit"
| #define VERSION "1.12.0"
| #ifdef __cplusplus
| extern "C" void std::exit (int); using std::exit;
| #endif
| #define STDC_HEADERS 1
| #define HAVE_SYS_TYPES_H 1
| #define HAVE_SYS_STAT_H 1
| #define HAVE_STDLIB_H 1
| #define HAVE_STRING_H 1
| #define HAVE_MEMORY_H 1
| #define HAVE_STRINGS_H 1
| #define HAVE_INTTYPES_H 1
| #define HAVE_STDINT_H 1
| #define HAVE_UNISTD_H 1
| #define HAVE_DLFCN_H 1
| /* end confdefs.h.  */
| /* Define shl_load to an innocuous variant, in case <limits.h> declares shl_load.
|    For example, HP-UX 11i <limits.h> declares gettimeofday.  */
| #define shl_load innocuous_shl_load
| 
| /* System header to define __stub macros and hopefully few prototypes,
|     which can conflict with char shl_load (); below.
|     Prefer <limits.h> to <assert.h> if __STDC__ is defined, since
|     <limits.h> exists even on freestanding compilers.  */
| 
| #ifdef __STDC__
| # include <limits.h>
| #else
| # include <assert.h>
| #endif
| 
| #undef shl_load
| 
| /* Override any gcc2 internal prototype to avoid an error.  */
| #ifdef __cplusplus
| extern "C"
| {
| #endif
| /* We use char because int might match the return type of a gcc2
|    builtin and then its argument prototype would still apply.  */
| char shl_load ();
| /* The GNU C library defines this for functions which it implements
|     to always fail with ENOSYS.  Some functions are actually named
|     something starting with __ and the normal name is an alias.  */
| #if defined (__stub_shl_load) || defined (__stub___shl_load)
| choke me
| #else
| char (*f) () = shl_load;
| #endif
| #ifdef __cplusplus
| }
| #endif
| 
| int
| main ()
| {
| return f != shl_load;
|   ;
|   return 0;
| }
configure:19762: result: no
configure:19771: checking for shl_load in -ldld
configure:19801: g++ -o conftest -g -O2  -L/usr/lib -L/sw/lib conftest.cc -ldld   >&5
ld: library not found for -ldld
collect2: ld returned 1 exit status
configure:19807: $? = 1
configure: failed program was:
| /* confdefs.h.  */
| 
| #define PACKAGE_NAME ""
| #define PACKAGE_TARNAME ""
| #define PACKAGE_VERSION ""
| #define PACKAGE_STRING ""
| #define PACKAGE_BUGREPORT ""
| #define PACKAGE "cppunit"
| #define VERSION "1.12.0"
| #ifdef __cplusplus
| extern "C" void std::exit (int); using std::exit;
| #endif
| #define STDC_HEADERS 1
| #define HAVE_SYS_TYPES_H 1
| #define HAVE_SYS_STAT_H 1
| #define HAVE_STDLIB_H 1
| #define HAVE_STRING_H 1
| #define HAVE_MEMORY_H 1
| #define HAVE_STRINGS_H 1
| #define HAVE_INTTYPES_H 1
| #define HAVE_STDINT_H 1
| #define HAVE_UNISTD_H 1
| #define HAVE_DLFCN_H 1
| /* end confdefs.h.  */
| 
| /* Override any gcc2 internal prototype to avoid an error.  */
| #ifdef __cplusplus
| extern "C"
| #endif
| /* We use char because int might match the return type of a gcc2
|    builtin and then its argument prototype would still apply.  */
| char shl_load ();
| int
| main ()
| {
| shl_load ();
|   ;
|   return 0;
| }
configure:19833: result: no
configure:19843: checking for dlopen in -ldl
configure:19873: g++ -o conftest -g -O2  -L/usr/lib -L/sw/lib conftest.cc -ldl   >&5
configure:19879: $? = 0
configure:19883: test -z 
			 || test ! -s conftest.err
configure:19886: $? = 0
configure:19889: test -s conftest
configure:19892: $? = 0
configure:19905: result: yes
configure:20134: checking for dlerror
configure:20191: g++ -o conftest -g -O2  -L/usr/lib -L/sw/lib conftest.cc  -ldl >&5
configure:20197: $? = 0
configure:20201: test -z 
			 || test ! -s conftest.err
configure:20204: $? = 0
configure:20207: test -s conftest
configure:20210: $? = 0
configure:20222: result: yes
configure:20267: checking for doxygen
configure:20300: result: no
configure:20390: checking for cmath
configure:20406: g++ -c -g -O2  conftest.cc >&5
configure:20412: $? = 0
configure:20416: test -z 
			 || test ! -s conftest.err
configure:20419: $? = 0
configure:20422: test -s conftest.o
configure:20425: $? = 0
configure:20436: result: yes
configure:20451: checking whether the compiler supports Run-Time Type Identification
configure:20492: g++ -c -g -O2  conftest.cc >&5
configure:20498: $? = 0
configure:20502: test -z 
			 || test ! -s conftest.err
configure:20505: $? = 0
configure:20508: test -s conftest.o
configure:20511: $? = 0
configure:20529: result: yes
configure:20539: checking whether the compiler supports GCC C++ ABI name demangling
configure:20584: g++ -c -g -O2  conftest.cc >&5
configure:20590: $? = 0
configure:20594: test -z 
			 || test ! -s conftest.err
configure:20597: $? = 0
configure:20600: test -s conftest.o
configure:20603: $? = 0
configure:20621: result: yes
configure:20631: checking whether the compiler implements namespaces
configure:20660: g++ -c -g -O2  conftest.cc >&5
configure:20666: $? = 0
configure:20670: test -z 
			 || test ! -s conftest.err
configure:20673: $? = 0
configure:20676: test -s conftest.o
configure:20679: $? = 0
configure:20697: result: yes
configure:20707: checking whether std::string::compare takes a string in argument 1
configure:20741: g++ -c -g -O2  conftest.cc >&5
conftest.cc: In function 'int main()':
conftest.cc:39: error: no matching function for call to 'std::basic_string<char, std::char_traits<char>, std::allocator<char> >::compare(std::string&, int, int)'
/usr/include/c++/4.0.0/bits/basic_string.h:1913: note: candidates are: int std::basic_string<_CharT, _Traits, _Alloc>::compare(const std::basic_string<_CharT, _Traits, _Alloc>&) const [with _CharT = char, _Traits = std::char_traits<char>, _Alloc = std::allocator<char>]
/usr/include/c++/4.0.0/bits/basic_string.tcc:885: note:                 int std::basic_string<_CharT, _Traits, _Alloc>::compare(typename _Alloc::size_type, typename _Alloc::size_type, const std::basic_string<_CharT, _Traits, _Alloc>&) const [with _CharT = char, _Traits = std::char_traits<char>, _Alloc = std::allocator<char>]
/usr/include/c++/4.0.0/bits/basic_string.tcc:901: note:                 int std::basic_string<_CharT, _Traits, _Alloc>::compare(typename _Alloc::size_type, typename _Alloc::size_type, const std::basic_string<_CharT, _Traits, _Alloc>&, typename _Alloc::size_type, typename _Alloc::size_type) const [with _CharT = char, _Traits = std::char_traits<char>, _Alloc = std::allocator<char>]
/usr/include/c++/4.0.0/bits/basic_string.tcc:918: note:                 int std::basic_string<_CharT, _Traits, _Alloc>::compare(const _CharT*) const [with _CharT = char, _Traits = std::char_traits<char>, _Alloc = std::allocator<char>]
/usr/include/c++/4.0.0/bits/basic_string.tcc:933: note:                 int std::basic_string<_CharT, _Traits, _Alloc>::compare(typename _Alloc::size_type, typename _Alloc::size_type, const _CharT*) const [with _CharT = char, _Traits = std::char_traits<char>, _Alloc = std::allocator<char>]
/usr/include/c++/4.0.0/bits/basic_string.tcc:950: note:                 int std::basic_string<_CharT, _Traits, _Alloc>::compare(typename _Alloc::size_type, typename _Alloc::size_type, const _CharT*, typename _Alloc::size_type) const [with _CharT = char, _Traits = std::char_traits<char>, _Alloc = std::allocator<char>]
configure:20747: $? = 1
configure: failed program was:
| /* confdefs.h.  */
| 
| #define PACKAGE_NAME ""
| #define PACKAGE_TARNAME ""
| #define PACKAGE_VERSION ""
| #define PACKAGE_STRING ""
| #define PACKAGE_BUGREPORT ""
| #define PACKAGE "cppunit"
| #define VERSION "1.12.0"
| #ifdef __cplusplus
| extern "C" void std::exit (int); using std::exit;
| #endif
| #define STDC_HEADERS 1
| #define HAVE_SYS_TYPES_H 1
| #define HAVE_SYS_STAT_H 1
| #define HAVE_STDLIB_H 1
| #define HAVE_STRING_H 1
| #define HAVE_MEMORY_H 1
| #define HAVE_STRINGS_H 1
| #define HAVE_INTTYPES_H 1
| #define HAVE_STDINT_H 1
| #define HAVE_UNISTD_H 1
| #define HAVE_DLFCN_H 1
| #define HAVE_LIBDL 1
| #define HAVE_DLERROR 1
| #define HAVE_CMATH 1
| #define HAVE_RTTI 1
| #define HAVE_GCC_ABI_DEMANGLE 1
| #define HAVE_NAMESPACES 1
| /* end confdefs.h.  */
| #include <string>
| #ifdef HAVE_NAMESPACES
| using namespace std;
| #endif
| int
| main ()
| {
| string x("hi"); string y("h");
| return x.compare(y,0,1) == 0;
|   ;
|   return 0;
| }
configure:20778: result: no
configure:20788: checking whether the compiler has stringstream
configure:20821: g++ -c -g -O2  conftest.cc >&5
configure:20827: $? = 0
configure:20831: test -z 
			 || test ! -s conftest.err
configure:20834: $? = 0
configure:20837: test -s conftest.o
configure:20840: $? = 0
configure:20858: result: yes
configure:20869: checking whether the library defines class strstream
configure:20897: checking strstream usability
configure:20909: g++ -c -g -O2  conftest.cc >&5
In file included from /usr/include/c++/4.0.0/backward/strstream:51,
                 from conftest.cc:66:
/usr/include/c++/4.0.0/backward/backward_warning.h:32:2: warning: #warning This file includes at least one deprecated or antiquated header. Please consider using one of the 32 headers found in section 17.4.1.2 of the C++ standard. Examples include substituting the <X> header for the <X.h> header for C++ includes, or <iostream> instead of the deprecated header <iostream.h>. To disable this warning use -Wno-deprecated.
configure:20915: $? = 0
configure:20919: test -z 
			 || test ! -s conftest.err
configure:20922: $? = 0
configure:20925: test -s conftest.o
configure:20928: $? = 0
configure:20938: result: yes
configure:20942: checking strstream presence
configure:20952: g++ -E  conftest.cc
In file included from /usr/include/c++/4.0.0/backward/strstream:51,
                 from conftest.cc:32:
/usr/include/c++/4.0.0/backward/backward_warning.h:32:2: warning: #warning This file includes at least one deprecated or antiquated header. Please consider using one of the 32 headers found in section 17.4.1.2 of the C++ standard. Examples include substituting the <X> header for the <X.h> header for C++ includes, or <iostream> instead of the deprecated header <iostream.h>. To disable this warning use -Wno-deprecated.
configure:20958: $? = 0
configure:20978: result: yes
configure:21013: checking for strstream
configure:21020: result: yes
configure:21057: g++ -c -g -O2  conftest.cc >&5
In file included from /usr/include/c++/4.0.0/backward/strstream:51,
                 from conftest.cc:35:
/usr/include/c++/4.0.0/backward/backward_warning.h:32:2: warning: #warning This file includes at least one deprecated or antiquated header. Please consider using one of the 32 headers found in section 17.4.1.2 of the C++ standard. Examples include substituting the <X> header for the <X.h> header for C++ includes, or <iostream> instead of the deprecated header <iostream.h>. To disable this warning use -Wno-deprecated.
configure:21063: $? = 0
configure:21067: test -z 
			 || test ! -s conftest.err
configure:21070: $? = 0
configure:21073: test -s conftest.o
configure:21076: $? = 0
configure:21094: result: yes
configure:21267: creating ./config.status

## ---------------------- ##
## Running config.status. ##
## ---------------------- ##

This file was extended by config.status, which was
generated by GNU Autoconf 2.59.  Invocation command line was

  CONFIG_FILES    = 
  CONFIG_HEADERS  = 
  CONFIG_LINKS    = 
  CONFIG_COMMANDS = 
  $ ./config.status 

on david-coxs-macbook-pro.local

config.status:765: creating Makefile
config.status:765: creating cppunit.pc
config.status:765: creating cppunit.spec
config.status:765: creating cppunit-config
config.status:765: creating src/Makefile
config.status:765: creating src/DllPlugInTester/Makefile
config.status:765: creating src/cppunit/Makefile
config.status:765: creating include/Makefile
config.status:765: creating include/cppunit/Makefile
config.status:765: creating include/cppunit/config/Makefile
config.status:765: creating include/cppunit/extensions/Makefile
config.status:765: creating include/cppunit/plugin/Makefile
config.status:765: creating include/cppunit/portability/Makefile
config.status:765: creating include/cppunit/tools/Makefile
config.status:765: creating include/cppunit/ui/Makefile
config.status:765: creating include/cppunit/ui/mfc/Makefile
config.status:765: creating include/cppunit/ui/qt/Makefile
config.status:765: creating include/cppunit/ui/text/Makefile
config.status:765: creating doc/Makefile
config.status:765: creating doc/Doxyfile
config.status:765: creating examples/Makefile
config.status:765: creating examples/simple/Makefile
config.status:765: creating examples/hierarchy/Makefile
config.status:765: creating examples/cppunittest/Makefile
config.status:765: creating examples/ClockerPlugIn/Makefile
config.status:765: creating examples/DumperPlugIn/Makefile
config.status:765: creating examples/money/Makefile
config.status:869: creating config/config.h
config.status:1177: executing depfiles commands
config.status:1177: executing default commands
configure:22651: result: creating include/cppunit/config-auto.h - prefix CPPUNIT for config/config.h defines

## ---------------- ##
## Cache variables. ##
## ---------------- ##

ac_cv_build=i686-apple-darwin9.6.0
ac_cv_build_alias=i686-apple-darwin9.6.0
ac_cv_c_compiler_gnu=yes
ac_cv_cxx_compiler_gnu=yes
ac_cv_cxx_gcc_abi_demangle=yes
ac_cv_cxx_have_class_strstream=yes
ac_cv_cxx_have_sstream=yes
ac_cv_cxx_namespaces=yes
ac_cv_cxx_rtti=yes
ac_cv_cxx_string_compare_string_first=no
ac_cv_env_CC_set=
ac_cv_env_CC_value=
ac_cv_env_CFLAGS_set=set
ac_cv_env_CFLAGS_value='-I/usr/include -I/sw/include'
ac_cv_env_CPPFLAGS_set=
ac_cv_env_CPPFLAGS_value=
ac_cv_env_CPP_set=
ac_cv_env_CPP_value=
ac_cv_env_CXXCPP_set=
ac_cv_env_CXXCPP_value=
ac_cv_env_CXXFLAGS_set=
ac_cv_env_CXXFLAGS_value=
ac_cv_env_CXX_set=
ac_cv_env_CXX_value=
ac_cv_env_F77_set=
ac_cv_env_F77_value=
ac_cv_env_FFLAGS_set=
ac_cv_env_FFLAGS_value=
ac_cv_env_LDFLAGS_set=set
ac_cv_env_LDFLAGS_value='-L/usr/lib -L/sw/lib'
ac_cv_env_build_alias_set=
ac_cv_env_build_alias_value=
ac_cv_env_host_alias_set=
ac_cv_env_host_alias_value=
ac_cv_env_target_alias_set=
ac_cv_env_target_alias_value=
ac_cv_exeext=
ac_cv_f77_compiler_gnu=yes
ac_cv_func_dlerror=yes
ac_cv_func_shl_load=no
ac_cv_header_cmath=yes
ac_cv_header_dlfcn_h=yes
ac_cv_header_inttypes_h=yes
ac_cv_header_memory_h=yes
ac_cv_header_stdc=yes
ac_cv_header_stdint_h=yes
ac_cv_header_stdlib_h=yes
ac_cv_header_string_h=yes
ac_cv_header_strings_h=yes
ac_cv_header_strstream=yes
ac_cv_header_sys_stat_h=yes
ac_cv_header_sys_types_h=yes
ac_cv_header_unistd_h=yes
ac_cv_host=i686-apple-darwin9.6.0
ac_cv_host_alias=i686-apple-darwin9.6.0
ac_cv_lib_dl_dlopen=yes
ac_cv_lib_dld_shl_load=no
ac_cv_objext=o
ac_cv_path_install='/usr/bin/install -c'
ac_cv_prog_AWK=gawk
ac_cv_prog_CPP='gcc -E'
ac_cv_prog_CXXCPP='g++ -E'
ac_cv_prog_ac_ct_AR=ar
ac_cv_prog_ac_ct_CC=gcc
ac_cv_prog_ac_ct_CXX=g++
ac_cv_prog_ac_ct_F77=gfortran
ac_cv_prog_ac_ct_RANLIB=ranlib
ac_cv_prog_ac_ct_STRIP=strip
ac_cv_prog_cc_g=yes
ac_cv_prog_cc_stdc=
ac_cv_prog_cxx_g=yes
ac_cv_prog_egrep='grep -E'
ac_cv_prog_f77_g=yes
ac_cv_prog_make_make_set=yes
am_cv_CC_dependencies_compiler_type=gcc3
am_cv_CXX_dependencies_compiler_type=gcc3
lt_cv_deplibs_check_method=pass_all
lt_cv_file_magic_cmd='$MAGIC_CMD'
lt_cv_file_magic_test_file=
lt_cv_ld_reload_flag=-r
lt_cv_objdir=.libs
lt_cv_path_LD=/usr/libexec/gcc/i686-apple-darwin9/4.0.1/ld
lt_cv_path_LDCXX=/usr/libexec/gcc/i686-apple-darwin9/4.0.1/ld
lt_cv_path_NM='/usr/bin/nm -p'
lt_cv_path_SED=/opt/local/bin/gsed
lt_cv_prog_compiler_c_o=yes
lt_cv_prog_compiler_c_o_CXX=yes
lt_cv_prog_compiler_c_o_F77=yes
lt_cv_prog_compiler_rtti_exceptions=no
lt_cv_prog_gnu_ld=no
lt_cv_prog_gnu_ldcxx=no
lt_cv_sys_global_symbol_pipe='sed -n -e '\''s/^.*[ 	]\([BCDEGRST][BCDEGRST]*\)[ 	][ 	]*_\([_A-Za-z][_A-Za-z0-9]*\)$/\1 _\2 \2/p'\'''
lt_cv_sys_global_symbol_to_c_name_address='sed -n -e '\''s/^: \([^ ]*\) $/  {\"\1\", (lt_ptr) 0},/p'\'' -e '\''s/^[BCDEGRST] \([^ ]*\) \([^ ]*\)$/  {"\2", (lt_ptr) \&\2},/p'\'''
lt_cv_sys_global_symbol_to_cdecl='sed -n -e '\''s/^. .* \(.*\)$/extern int \1;/p'\'''
lt_cv_sys_max_cmd_len=65536
lt_lt_cv_prog_compiler_c_o='"yes"'
lt_lt_cv_prog_compiler_c_o_CXX='"yes"'
lt_lt_cv_prog_compiler_c_o_F77='"yes"'
lt_lt_cv_sys_global_symbol_pipe='"sed -n -e '\''s/^.*[ 	]\\([BCDEGRST][BCDEGRST]*\\)[ 	][ 	]*_\\([_A-Za-z][_A-Za-z0-9]*\\)\$/\\1 _\\2 \\2/p'\''"'
lt_lt_cv_sys_global_symbol_to_c_name_address='"sed -n -e '\''s/^: \\([^ ]*\\) \$/  {\\\"\\1\\\", (lt_ptr) 0},/p'\'' -e '\''s/^[BCDEGRST] \\([^ ]*\\) \\([^ ]*\\)\$/  {\"\\2\", (lt_ptr) \\&\\2},/p'\''"'
lt_lt_cv_sys_global_symbol_to_cdecl='"sed -n -e '\''s/^. .* \\(.*\\)\$/extern int \\1;/p'\''"'

## ----------------- ##
## Output variables. ##
## ----------------- ##

ACLOCAL='${SHELL} /Users/davidcox/Repositories/monkeyworks/mw_supporting/cppunit-1.12.0/config/missing --run aclocal-1.9'
AMDEPBACKSLASH='\'
AMDEP_FALSE='#'
AMDEP_TRUE=''
AMTAR='${SHELL} /Users/davidcox/Repositories/monkeyworks/mw_supporting/cppunit-1.12.0/config/missing --run tar'
AR='ar'
AS='as'
AUTOCONF='${SHELL} /Users/davidcox/Repositories/monkeyworks/mw_supporting/cppunit-1.12.0/config/missing --run autoconf'
AUTOHEADER='${SHELL} /Users/davidcox/Repositories/monkeyworks/mw_supporting/cppunit-1.12.0/config/missing --run autoheader'
AUTOMAKE='${SHELL} /Users/davidcox/Repositories/monkeyworks/mw_supporting/cppunit-1.12.0/config/missing --run automake-1.9'
AWK='gawk'
CC='gcc'
CCDEPMODE='depmode=gcc3'
CFLAGS='-I/usr/include -I/sw/include'
CPP='gcc -E'
CPPFLAGS=''
CPPUNIT_BINARY_AGE='0'
CPPUNIT_INTERFACE_AGE='0'
CPPUNIT_MAJOR_VERSION='1'
CPPUNIT_MICRO_VERSION='0'
CPPUNIT_MINOR_VERSION='12'
CPPUNIT_VERSION='1.12.0'
CXX='g++'
CXXCPP='g++ -E'
CXXDEPMODE='depmode=gcc3'
CXXFLAGS='-g -O2'
CYGPATH_W='echo'
DEFS='-DHAVE_CONFIG_H'
DEPDIR='.deps'
DLLTOOL='dlltool'
DOC_FALSE=''
DOC_TRUE='#'
DOT=''
DOXYGEN=''
ECHO='/bin/echo'
ECHO_C='ECHO_N=''
ECHO_T=''
EGREP='grep -E'
EXEEXT=''
F77='gfortran'
FFLAGS='-g -O2'
INSTALL_DATA='${INSTALL} -m 644'
INSTALL_PROGRAM='${INSTALL}'
INSTALL_SCRIPT='${INSTALL}'
INSTALL_STRIP_PROGRAM='${SHELL} $(install_sh) -c -s'
LDFLAGS='-L/usr/lib -L/sw/lib'
LIBADD_DL='-ldl'
LIBOBJS=''
LIBS=''
LIBTOOL='$(SHELL) $(top_builddir)/libtool'
LN_S='ln -s'
LTLIBOBJS=''
LT_AGE='0'
LT_CURRENT='0'
LT_RELEASE='1.12'
LT_REVISION='0'
MAKEINFO='${SHELL} /Users/davidcox/Repositories/monkeyworks/mw_supporting/cppunit-1.12.0/config/missing --run makeinfo'
OBJDUMP='objdump'
OBJEXT='o'
PACKAGE='cppunit'
PACKAGE_BUGREPORT=''
PACKAGE_NAME=''
PACKAGE_STRING=''
PACKAGE_TARNAME=''
PACKAGE_VERSION=''
PATH_SEPARATOR=':'
RANLIB='ranlib'
SET_MAKE=''
SHELL='/bin/sh'
STRIP='strip'
VERSION='1.12.0'
ac_ct_AR='ar'
ac_ct_AS=''
ac_ct_CC='gcc'
ac_ct_CXX='g++'
ac_ct_DLLTOOL=''
ac_ct_F77='gfortran'
ac_ct_OBJDUMP=''
ac_ct_RANLIB='ranlib'
ac_ct_STRIP='strip'
am__fastdepCC_FALSE='#'
am__fastdepCC_TRUE=''
am__fastdepCXX_FALSE='#'
am__fastdepCXX_TRUE=''
am__include='include'
am__leading_dot='.'
am__quote=''
am__tar='${AMTAR} chof - "$$tardir"'
am__untar='${AMTAR} xf -'
bindir='${exec_prefix}/bin'
build='i686-apple-darwin9.6.0'
build_alias=''
build_cpu='i686'
build_os='darwin9.6.0'
build_vendor='apple'
datadir='${prefix}/share'
enable_dot='no'
enable_html_docs='yes'
enable_latex_docs='no'
exec_prefix='${prefix}'
host='i686-apple-darwin9.6.0'
host_alias=''
host_cpu='i686'
host_os='darwin9.6.0'
host_vendor='apple'
includedir='${prefix}/include'
infodir='${prefix}/info'
install_sh='/Users/davidcox/Repositories/monkeyworks/mw_supporting/cppunit-1.12.0/config/install-sh'
libdir='${exec_prefix}/lib'
libexecdir='${exec_prefix}/libexec'
localstatedir='${prefix}/var'
mandir='${prefix}/man'
mkdir_p='$(install_sh) -d'
oldincludedir='/usr/include'
prefix='/tmp/mw_staging/cppunit'
program_transform_name='s,x,x,'
sbindir='${exec_prefix}/sbin'
sharedstatedir='${prefix}/com'
sysconfdir='${prefix}/etc'
target_alias=''

## ----------- ##
## confdefs.h. ##
## ----------- ##

#define HAVE_CLASS_STRSTREAM 1
#define HAVE_CMATH 1
#define HAVE_DLERROR 1
#define HAVE_DLFCN_H 1
#define HAVE_GCC_ABI_DEMANGLE 1
#define HAVE_INTTYPES_H 1
#define HAVE_LIBDL 1
#define HAVE_MEMORY_H 1
#define HAVE_NAMESPACES 1
#define HAVE_RTTI 1
#define HAVE_SSTREAM 1
#define HAVE_STDINT_H 1
#define HAVE_STDLIB_H 1
#define HAVE_STRINGS_H 1
#define HAVE_STRING_H 1
#define HAVE_STRSTREAM 1
#define HAVE_SYS_STAT_H 1
#define HAVE_SYS_TYPES_H 1
#define HAVE_UNISTD_H 1
#define PACKAGE "cppunit"
#define PACKAGE_BUGREPORT ""
#define PACKAGE_NAME ""
#define PACKAGE_STRING ""
#define PACKAGE_TARNAME ""
#define PACKAGE_VERSION ""
#define STDC_HEADERS 1
#define USE_TYPEINFO_NAME CPPUNIT_HAVE_RTTI
#define VERSION "1.12.0"
#endif
#ifdef __cplusplus
extern "C" void std::exit (int); using std::exit;

configure: exit 1
